# JRE version: OpenJDK Runtime Environment Temurin-17.0.13+11 (17.0.13+11) (build 17.0.13+11)
# Java VM: OpenJDK 64-Bit Server VM Temurin-17.0.13+11 (17.0.13+11, mixed mode, sharing, tiered, compressed oops, compressed class ptrs, g1 gc, windows-amd64)
GC Precious Log:
 CPUs: 4 total, 4 available
 Memory: 7932M
 Large Page Support: Disabled
 NUMA Support: Disabled
 Compressed Oops: Enabled (Zero based)
 Heap Region Size: 2M
 Heap Min Capacity: 8M
 Heap Initial Capacity: 124M
 Heap Max Capacity: 3G
 Pre-touch: Disabled
 Parallel Workers: 4
 Concurrent Workers: 1
 Concurrent Refinement Workers: 4
 Periodic GC: Disabled
Heap:
 garbage-first heap   total 167936K, used 90146K [0x0000000740000000, 0x0000000800000000)
  region size 2048K, 2 young (4096K), 2 survivors (4096K)
 Metaspace       used 66103K, committed 66816K, reserved 1114112K
  class space    used 9198K, committed 9536K, reserved 1048576K
GC Heap History (20 events):
Event: 9.164 GC heap after
{Heap after GC invocations=23 (full 0):
 garbage-first heap   total 131072K, used 72307K [0x0000000740000000, 0x0000000800000000)
  region size 2048K, 2 young (4096K), 2 survivors (4096K)
 Metaspace       used 48894K, committed 49472K, reserved 1114112K
  class space    used 6944K, committed 7232K, reserved 1048576K
}
Event: 9.691 GC heap before
{Heap before GC invocations=24 (full 0):
 garbage-first heap   total 133120K, used 100979K [0x0000000740000000, 0x0000000800000000)
  region size 2048K, 17 young (34816K), 2 survivors (4096K)
 Metaspace       used 50112K, committed 50688K, reserved 1114112K
  class space    used 7071K, committed 7360K, reserved 1048576K
}
Event: 9.696 GC heap after
{Heap after GC invocations=25 (full 0):
 garbage-first heap   total 133120K, used 74210K [0x0000000740000000, 0x0000000800000000)
  region size 2048K, 3 young (6144K), 3 survivors (6144K)
 Metaspace       used 50112K, committed 50688K, reserved 1114112K
  class space    used 7071K, committed 7360K, reserved 1048576K
}
Event: 10.055 GC heap before
{Heap before GC invocations=25 (full 0):
 garbage-first heap   total 133120K, used 102882K [0x0000000740000000, 0x0000000800000000)
  region size 2048K, 18 young (36864K), 3 survivors (6144K)
 Metaspace       used 53273K, committed 53952K, reserved 1114112K
  class space    used 7461K, committed 7808K, reserved 1048576K
}
Event: 10.063 GC heap after
{Heap after GC invocations=26 (full 0):
 garbage-first heap   total 133120K, used 76526K [0x0000000740000000, 0x0000000800000000)
  region size 2048K, 3 young (6144K), 3 survivors (6144K)
 Metaspace       used 53273K, committed 53952K, reserved 1114112K
  class space    used 7461K, committed 7808K, reserved 1048576K
}
Event: 10.944 GC heap before
{Heap before GC invocations=27 (full 0):
 garbage-first heap   total 147456K, used 92910K [0x0000000740000000, 0x0000000800000000)
  region size 2048K, 13 young (26624K), 3 survivors (6144K)
 Metaspace       used 57731K, committed 58368K, reserved 1114112K
  class space    used 7985K, committed 8256K, reserved 1048576K
}
Event: 10.950 GC heap after
{Heap after GC invocations=28 (full 0):
 garbage-first heap   total 147456K, used 79209K [0x0000000740000000, 0x0000000800000000)
  region size 2048K, 2 young (4096K), 2 survivors (4096K)
 Metaspace       used 57731K, committed 58368K, reserved 1114112K
  class space    used 7985K, committed 8256K, reserved 1048576K
}
Event: 11.608 GC heap before
{Heap before GC invocations=29 (full 0):
 garbage-first heap   total 153600K, used 116073K [0x0000000740000000, 0x0000000800000000)
  region size 2048K, 19 young (38912K), 2 survivors (4096K)
 Metaspace       used 61692K, committed 62336K, reserved 1114112K
  class space    used 8588K, committed 8896K, reserved 1048576K
}
Event: 11.613 GC heap after
{Heap after GC invocations=30 (full 0):
 garbage-first heap   total 153600K, used 82809K [0x0000000740000000, 0x0000000800000000)
  region size 2048K, 3 young (6144K), 3 survivors (6144K)
 Metaspace       used 61692K, committed 62336K, reserved 1114112K
  class space    used 8588K, committed 8896K, reserved 1048576K
}
Event: 11.929 GC heap before
{Heap before GC invocations=30 (full 0):
 garbage-first heap   total 153600K, used 119673K [0x0000000740000000, 0x0000000800000000)
  region size 2048K, 21 young (43008K), 3 survivors (6144K)
 Metaspace       used 62149K, committed 62848K, reserved 1114112K
  class space    used 8655K, committed 8960K, reserved 1048576K
}
Event: 11.936 GC heap after
{Heap after GC invocations=31 (full 0):
 garbage-first heap   total 153600K, used 86257K [0x0000000740000000, 0x0000000800000000)
  region size 2048K, 3 young (6144K), 3 survivors (6144K)
 Metaspace       used 62149K, committed 62848K, reserved 1114112K
  class space    used 8655K, committed 8960K, reserved 1048576K
}
Event: 12.371 GC heap before
{Heap before GC invocations=32 (full 0):
 garbage-first heap   total 163840K, used 121073K [0x0000000740000000, 0x0000000800000000)
  region size 2048K, 20 young (40960K), 3 survivors (6144K)
 Metaspace       used 63725K, committed 64384K, reserved 1114112K
  class space    used 8909K, committed 9216K, reserved 1048576K
}
Event: 12.381 GC heap after
{Heap after GC invocations=33 (full 0):
 garbage-first heap   total 163840K, used 89033K [0x0000000740000000, 0x0000000800000000)
  region size 2048K, 2 young (4096K), 2 survivors (4096K)
 Metaspace       used 63725K, committed 64384K, reserved 1114112K
  class space    used 8909K, committed 9216K, reserved 1048576K
}
Event: 12.439 GC heap before
{Heap before GC invocations=33 (full 0):
 garbage-first heap   total 163840K, used 93129K [0x0000000740000000, 0x0000000800000000)
  region size 2048K, 5 young (10240K), 2 survivors (4096K)
 Metaspace       used 64252K, committed 64960K, reserved 1114112K
  class space    used 8991K, committed 9280K, reserved 1048576K
}
Event: 12.442 GC heap after
{Heap after GC invocations=34 (full 0):
 garbage-first heap   total 163840K, used 89192K [0x0000000740000000, 0x0000000800000000)
  region size 2048K, 2 young (4096K), 2 survivors (4096K)
 Metaspace       used 64252K, committed 64960K, reserved 1114112K
  class space    used 8991K, committed 9280K, reserved 1048576K
}
Event: 12.594 GC heap before
{Heap before GC invocations=35 (full 0):
 garbage-first heap   total 167936K, used 101480K [0x0000000740000000, 0x0000000800000000)
  region size 2048K, 4 young (8192K), 2 survivors (4096K)
 Metaspace       used 64534K, committed 65216K, reserved 1114112K
  class space    used 9026K, committed 9344K, reserved 1048576K
}
Event: 12.599 GC heap after
{Heap after GC invocations=36 (full 0):
 garbage-first heap   total 167936K, used 88976K [0x0000000740000000, 0x0000000800000000)
  region size 2048K, 2 young (4096K), 2 survivors (4096K)
 Metaspace       used 64534K, committed 65216K, reserved 1114112K
  class space    used 9026K, committed 9344K, reserved 1048576K
}
Event: 12.742 GC heap before
{Heap before GC invocations=37 (full 0):
 garbage-first heap   total 167936K, used 97168K [0x0000000740000000, 0x0000000800000000)
  region size 2048K, 5 young (10240K), 2 survivors (4096K)
 Metaspace       used 64802K, committed 65472K, reserved 1114112K
  class space    used 9066K, committed 9344K, reserved 1048576K
}
Event: 12.747 GC heap after
{Heap after GC invocations=38 (full 0):
 garbage-first heap   total 167936K, used 89591K [0x0000000740000000, 0x0000000800000000)
  region size 2048K, 2 young (4096K), 2 survivors (4096K)
 Metaspace       used 64802K, committed 65472K, reserved 1114112K
  class space    used 9066K, committed 9344K, reserved 1048576K
}
Event: 12.986 GC heap before
{Heap before GC invocations=39 (full 0):
 garbage-first heap   total 167936K, used 101879K [0x0000000740000000, 0x0000000800000000)
  region size 2048K, 7 young (14336K), 2 survivors (4096K)
 Metaspace       used 66103K, committed 66816K, reserved 1114112K
  class space    used 9198K, committed 9536K, reserved 1048576K
}

