# JRE version: OpenJDK Runtime Environment Temurin-17.0.13+11 (17.0.13+11) (build 17.0.13+11)
# Java VM: OpenJDK 64-Bit Server VM Temurin-17.0.13+11 (17.0.13+11, mixed mode, sharing, tiered, compressed oops, compressed class ptrs, g1 gc, windows-amd64)
GC Precious Log:
 CPUs: 4 total, 4 available
 Memory: 7932M
 Large Page Support: Disabled
 NUMA Support: Disabled
 Compressed Oops: Enabled (Zero based)
 Heap Region Size: 2M
 Heap Min Capacity: 8M
 Heap Initial Capacity: 124M
 Heap Max Capacity: 3G
 Pre-touch: Disabled
 Parallel Workers: 4
 Concurrent Workers: 1
 Concurrent Refinement Workers: 4
 Periodic GC: Disabled
Heap:
 garbage-first heap   total 243712K, used 194160K [0x0000000740000000, 0x0000000800000000)
  region size 2048K, 1 young (2048K), 1 survivors (2048K)
 Metaspace       used 75304K, committed 76032K, reserved 1179648K
  class space    used 10522K, committed 10816K, reserved 1048576K
GC Heap History (20 events):
Event: 14.286 GC heap after
{Heap after GC invocations=27 (full 0):
 garbage-first heap   total 157696K, used 84536K [0x0000000740000000, 0x0000000800000000)
  region size 2048K, 2 young (4096K), 2 survivors (4096K)
 Metaspace       used 62268K, committed 62976K, reserved 1114112K
  class space    used 8647K, committed 8960K, reserved 1048576K
}
Event: 15.023 GC heap before
{Heap before GC invocations=28 (full 0):
 garbage-first heap   total 157696K, used 125496K [0x0000000740000000, 0x0000000800000000)
  region size 2048K, 22 young (45056K), 2 survivors (4096K)
 Metaspace       used 63695K, committed 64448K, reserved 1114112K
  class space    used 8876K, committed 9216K, reserved 1048576K
}
Event: 15.031 GC heap after
{Heap after GC invocations=29 (full 0):
 garbage-first heap   total 157696K, used 88089K [0x0000000740000000, 0x0000000800000000)
  region size 2048K, 2 young (4096K), 2 survivors (4096K)
 Metaspace       used 63695K, committed 64448K, reserved 1114112K
  class space    used 8876K, committed 9216K, reserved 1048576K
}
Event: 15.107 GC heap before
{Heap before GC invocations=29 (full 0):
 garbage-first heap   total 157696K, used 94233K [0x0000000740000000, 0x0000000800000000)
  region size 2048K, 6 young (12288K), 2 survivors (4096K)
 Metaspace       used 64343K, committed 65088K, reserved 1114112K
  class space    used 8981K, committed 9344K, reserved 1048576K
}
Event: 15.111 GC heap after
{Heap after GC invocations=30 (full 0):
 garbage-first heap   total 157696K, used 88750K [0x0000000740000000, 0x0000000800000000)
  region size 2048K, 1 young (2048K), 1 survivors (2048K)
 Metaspace       used 64343K, committed 65088K, reserved 1114112K
  class space    used 8981K, committed 9344K, reserved 1048576K
}
Event: 15.875 GC heap before
{Heap before GC invocations=31 (full 0):
 garbage-first heap   total 186368K, used 178862K [0x0000000740000000, 0x0000000800000000)
  region size 2048K, 15 young (30720K), 1 survivors (2048K)
 Metaspace       used 66482K, committed 67200K, reserved 1114112K
  class space    used 9205K, committed 9536K, reserved 1048576K
}
Event: 15.882 GC heap after
{Heap after GC invocations=32 (full 0):
 garbage-first heap   total 186368K, used 90508K [0x0000000740000000, 0x0000000800000000)
  region size 2048K, 2 young (4096K), 2 survivors (4096K)
 Metaspace       used 66482K, committed 67200K, reserved 1114112K
  class space    used 9205K, committed 9536K, reserved 1048576K
}
Event: 15.987 GC heap before
{Heap before GC invocations=32 (full 0):
 garbage-first heap   total 186368K, used 125324K [0x0000000740000000, 0x0000000800000000)
  region size 2048K, 4 young (8192K), 2 survivors (4096K)
 Metaspace       used 66773K, committed 67520K, reserved 1114112K
  class space    used 9241K, committed 9600K, reserved 1048576K
}
Event: 15.993 GC heap after
{Heap after GC invocations=33 (full 0):
 garbage-first heap   total 186368K, used 90489K [0x0000000740000000, 0x0000000800000000)
  region size 2048K, 1 young (2048K), 1 survivors (2048K)
 Metaspace       used 66773K, committed 67520K, reserved 1114112K
  class space    used 9241K, committed 9600K, reserved 1048576K
}
Event: 17.155 GC heap before
{Heap before GC invocations=33 (full 0):
 garbage-first heap   total 186368K, used 164217K [0x0000000740000000, 0x0000000800000000)
  region size 2048K, 30 young (61440K), 1 survivors (2048K)
 Metaspace       used 71662K, committed 72320K, reserved 1114112K
  class space    used 10011K, committed 10304K, reserved 1048576K
}
Event: 17.164 GC heap after
{Heap after GC invocations=34 (full 0):
 garbage-first heap   total 225280K, used 110547K [0x0000000740000000, 0x0000000800000000)
  region size 2048K, 3 young (6144K), 3 survivors (6144K)
 Metaspace       used 71662K, committed 72320K, reserved 1114112K
  class space    used 10011K, committed 10304K, reserved 1048576K
}
Event: 18.482 GC heap before
{Heap before GC invocations=35 (full 0):
 garbage-first heap   total 225280K, used 208851K [0x0000000740000000, 0x0000000800000000)
  region size 2048K, 37 young (75776K), 3 survivors (6144K)
 Metaspace       used 75298K, committed 76032K, reserved 1179648K
  class space    used 10522K, committed 10816K, reserved 1048576K
}
Event: 18.525 GC heap after
{Heap after GC invocations=36 (full 0):
 garbage-first heap   total 243712K, used 140130K [0x0000000740000000, 0x0000000800000000)
  region size 2048K, 5 young (10240K), 5 survivors (10240K)
 Metaspace       used 75298K, committed 76032K, reserved 1179648K
  class space    used 10522K, committed 10816K, reserved 1048576K
}
Event: 18.627 GC heap before
{Heap before GC invocations=36 (full 0):
 garbage-first heap   total 243712K, used 142178K [0x0000000740000000, 0x0000000800000000)
  region size 2048K, 6 young (12288K), 5 survivors (10240K)
 Metaspace       used 75298K, committed 76032K, reserved 1179648K
  class space    used 10522K, committed 10816K, reserved 1048576K
}
Event: 18.657 GC heap after
{Heap after GC invocations=37 (full 0):
 garbage-first heap   total 243712K, used 141948K [0x0000000740000000, 0x0000000800000000)
  region size 2048K, 1 young (2048K), 1 survivors (2048K)
 Metaspace       used 75298K, committed 76032K, reserved 1179648K
  class space    used 10522K, committed 10816K, reserved 1048576K
}
Event: 18.923 GC heap before
{Heap before GC invocations=37 (full 0):
 garbage-first heap   total 243712K, used 184956K [0x0000000740000000, 0x0000000800000000)
  region size 2048K, 22 young (45056K), 1 survivors (2048K)
 Metaspace       used 75304K, committed 76032K, reserved 1179648K
  class space    used 10522K, committed 10816K, reserved 1048576K
}
Event: 18.953 GC heap after
{Heap after GC invocations=38 (full 0):
 garbage-first heap   total 243712K, used 169984K [0x0000000740000000, 0x0000000800000000)
  region size 2048K, 3 young (6144K), 3 survivors (6144K)
 Metaspace       used 75304K, committed 76032K, reserved 1179648K
  class space    used 10522K, committed 10816K, reserved 1048576K
}
Event: 18.977 GC heap before
{Heap before GC invocations=38 (full 0):
 garbage-first heap   total 243712K, used 190464K [0x0000000740000000, 0x0000000800000000)
  region size 2048K, 13 young (26624K), 3 survivors (6144K)
 Metaspace       used 75304K, committed 76032K, reserved 1179648K
  class space    used 10522K, committed 10816K, reserved 1048576K
}
Event: 19.006 GC heap after
{Heap after GC invocations=39 (full 0):
 garbage-first heap   total 243712K, used 184242K [0x0000000740000000, 0x0000000800000000)
  region size 2048K, 2 young (4096K), 2 survivors (4096K)
 Metaspace       used 75304K, committed 76032K, reserved 1179648K
  class space    used 10522K, committed 10816K, reserved 1048576K
}
Event: 19.024 GC heap before
{Heap before GC invocations=39 (full 0):
 garbage-first heap   total 243712K, used 196530K [0x0000000740000000, 0x0000000800000000)
  region size 2048K, 8 young (16384K), 2 survivors (4096K)
 Metaspace       used 75304K, committed 76032K, reserved 1179648K
  class space    used 10522K, committed 10816K, reserved 1048576K
}

