# JRE version: OpenJDK Runtime Environment Temurin-17.0.13+11 (17.0.13+11) (build 17.0.13+11)
# Java VM: OpenJDK 64-Bit Server VM Temurin-17.0.13+11 (17.0.13+11, mixed mode, sharing, tiered, compressed oops, compressed class ptrs, g1 gc, windows-amd64)
GC Precious Log:
 CPUs: 4 total, 4 available
 Memory: 7932M
 Large Page Support: Disabled
 NUMA Support: Disabled
 Compressed Oops: Enabled (Zero based)
 Heap Region Size: 2M
 Heap Min Capacity: 8M
 Heap Initial Capacity: 124M
 Heap Max Capacity: 3G
 Pre-touch: Disabled
 Parallel Workers: 4
 Concurrent Workers: 1
 Concurrent Refinement Workers: 4
 Periodic GC: Disabled
Heap:
 garbage-first heap   total 374784K, used 122575K [0x0000000740000000, 0x0000000800000000)
  region size 2048K, 10 young (20480K), 3 survivors (6144K)
 Metaspace       used 70995K, committed 71808K, reserved 1114112K
  class space    used 9799K, committed 10176K, reserved 1048576K
GC Heap History (20 events):
Event: 11.467 GC heap before
{Heap before GC invocations=26 (full 0):
 garbage-first heap   total 165888K, used 97324K [0x0000000740000000, 0x0000000800000000)
  region size 2048K, 4 young (8192K), 1 survivors (2048K)
 Metaspace       used 64829K, committed 65536K, reserved 1114112K
  class space    used 9050K, committed 9344K, reserved 1048576K
}
Event: 11.470 GC heap after
{Heap after GC invocations=27 (full 0):
 garbage-first heap   total 165888K, used 89566K [0x0000000740000000, 0x0000000800000000)
  region size 2048K, 1 young (2048K), 1 survivors (2048K)
 Metaspace       used 64829K, committed 65536K, reserved 1114112K
  class space    used 9050K, committed 9344K, reserved 1048576K
}
Event: 11.725 GC heap before
{Heap before GC invocations=28 (full 0):
 garbage-first heap   total 165888K, used 99806K [0x0000000740000000, 0x0000000800000000)
  region size 2048K, 6 young (12288K), 1 survivors (2048K)
 Metaspace       used 66129K, committed 66816K, reserved 1114112K
  class space    used 9180K, committed 9472K, reserved 1048576K
}
Event: 11.728 GC heap after
{Heap after GC invocations=29 (full 0):
 garbage-first heap   total 165888K, used 89754K [0x0000000740000000, 0x0000000800000000)
  region size 2048K, 1 young (2048K), 1 survivors (2048K)
 Metaspace       used 66129K, committed 66816K, reserved 1114112K
  class space    used 9180K, committed 9472K, reserved 1048576K
}
Event: 12.101 GC heap before
{Heap before GC invocations=30 (full 0):
 garbage-first heap   total 192512K, used 120474K [0x0000000740000000, 0x0000000800000000)
  region size 2048K, 6 young (12288K), 1 survivors (2048K)
 Metaspace       used 66379K, committed 67072K, reserved 1114112K
  class space    used 9201K, committed 9536K, reserved 1048576K
}
Event: 12.106 GC heap after
{Heap after GC invocations=31 (full 0):
 garbage-first heap   total 192512K, used 91029K [0x0000000740000000, 0x0000000800000000)
  region size 2048K, 2 young (4096K), 2 survivors (4096K)
 Metaspace       used 66379K, committed 67072K, reserved 1114112K
  class space    used 9201K, committed 9536K, reserved 1048576K
}
Event: 74.831 GC heap before
{Heap before GC invocations=32 (full 0):
 garbage-first heap   total 202752K, used 146325K [0x0000000740000000, 0x0000000800000000)
  region size 2048K, 19 young (38912K), 2 survivors (4096K)
 Metaspace       used 67855K, committed 68608K, reserved 1114112K
  class space    used 9365K, committed 9728K, reserved 1048576K
}
Event: 74.840 GC heap after
{Heap after GC invocations=33 (full 0):
 garbage-first heap   total 202752K, used 93624K [0x0000000740000000, 0x0000000800000000)
  region size 2048K, 3 young (6144K), 3 survivors (6144K)
 Metaspace       used 67855K, committed 68608K, reserved 1114112K
  class space    used 9365K, committed 9728K, reserved 1048576K
}
Event: 74.900 GC heap before
{Heap before GC invocations=33 (full 0):
 garbage-first heap   total 202752K, used 95672K [0x0000000740000000, 0x0000000800000000)
  region size 2048K, 4 young (8192K), 3 survivors (6144K)
 Metaspace       used 67892K, committed 68608K, reserved 1114112K
  class space    used 9365K, committed 9728K, reserved 1048576K
}
Event: 74.908 GC heap after
{Heap after GC invocations=34 (full 0):
 garbage-first heap   total 202752K, used 94345K [0x0000000740000000, 0x0000000800000000)
  region size 2048K, 3 young (6144K), 3 survivors (6144K)
 Metaspace       used 67892K, committed 68608K, reserved 1114112K
  class space    used 9365K, committed 9728K, reserved 1048576K
}
Event: 74.975 GC heap before
{Heap before GC invocations=34 (full 0):
 garbage-first heap   total 202752K, used 98441K [0x0000000740000000, 0x0000000800000000)
  region size 2048K, 5 young (10240K), 3 survivors (6144K)
 Metaspace       used 67973K, committed 68800K, reserved 1114112K
  class space    used 9365K, committed 9728K, reserved 1048576K
}
Event: 74.983 GC heap after
{Heap after GC invocations=35 (full 0):
 garbage-first heap   total 202752K, used 94244K [0x0000000740000000, 0x0000000800000000)
  region size 2048K, 3 young (6144K), 3 survivors (6144K)
 Metaspace       used 67973K, committed 68800K, reserved 1114112K
  class space    used 9365K, committed 9728K, reserved 1048576K
}
Event: 75.344 GC heap before
{Heap before GC invocations=35 (full 0):
 garbage-first heap   total 202752K, used 127012K [0x0000000740000000, 0x0000000800000000)
  region size 2048K, 9 young (18432K), 3 survivors (6144K)
 Metaspace       used 68165K, committed 68992K, reserved 1114112K
  class space    used 9366K, committed 9728K, reserved 1048576K
}
Event: 75.353 GC heap after
{Heap after GC invocations=36 (full 0):
 garbage-first heap   total 202752K, used 95483K [0x0000000740000000, 0x0000000800000000)
  region size 2048K, 4 young (8192K), 4 survivors (8192K)
 Metaspace       used 68165K, committed 68992K, reserved 1114112K
  class space    used 9366K, committed 9728K, reserved 1048576K
}
Event: 75.430 GC heap before
{Heap before GC invocations=36 (full 0):
 garbage-first heap   total 202752K, used 118011K [0x0000000740000000, 0x0000000800000000)
  region size 2048K, 5 young (10240K), 4 survivors (8192K)
 Metaspace       used 68165K, committed 68992K, reserved 1114112K
  class space    used 9366K, committed 9728K, reserved 1048576K
}
Event: 75.440 GC heap after
{Heap after GC invocations=37 (full 0):
 garbage-first heap   total 202752K, used 95415K [0x0000000740000000, 0x0000000800000000)
  region size 2048K, 3 young (6144K), 3 survivors (6144K)
 Metaspace       used 68165K, committed 68992K, reserved 1114112K
  class space    used 9366K, committed 9728K, reserved 1048576K
}
Event: 75.968 GC heap before
{Heap before GC invocations=38 (full 0):
 garbage-first heap   total 219136K, used 136375K [0x0000000740000000, 0x0000000800000000)
  region size 2048K, 9 young (18432K), 3 survivors (6144K)
 Metaspace       used 69096K, committed 69824K, reserved 1114112K
  class space    used 9509K, committed 9856K, reserved 1048576K
}
Event: 75.976 GC heap after
{Heap after GC invocations=39 (full 0):
 garbage-first heap   total 219136K, used 95744K [0x0000000740000000, 0x0000000800000000)
  region size 2048K, 3 young (6144K), 3 survivors (6144K)
 Metaspace       used 69096K, committed 69824K, reserved 1114112K
  class space    used 9509K, committed 9856K, reserved 1048576K
}
Event: 76.059 GC heap before
{Heap before GC invocations=39 (full 0):
 garbage-first heap   total 219136K, used 101888K [0x0000000740000000, 0x0000000800000000)
  region size 2048K, 6 young (12288K), 3 survivors (6144K)
 Metaspace       used 69750K, committed 70528K, reserved 1114112K
  class space    used 9585K, committed 9920K, reserved 1048576K
}
Event: 76.066 GC heap after
{Heap after GC invocations=40 (full 0):
 garbage-first heap   total 374784K, used 97999K [0x0000000740000000, 0x0000000800000000)
  region size 2048K, 3 young (6144K), 3 survivors (6144K)
 Metaspace       used 69750K, committed 70528K, reserved 1114112K
  class space    used 9585K, committed 9920K, reserved 1048576K
}

