# JRE version: OpenJDK Runtime Environment Temurin-17.0.13+11 (17.0.13+11) (build 17.0.13+11)
# Java VM: OpenJDK 64-Bit Server VM Temurin-17.0.13+11 (17.0.13+11, mixed mode, sharing, tiered, compressed oops, compressed class ptrs, g1 gc, windows-amd64)
GC Precious Log:
 CPUs: 4 total, 4 available
 Memory: 7932M
 Large Page Support: Disabled
 NUMA Support: Disabled
 Compressed Oops: Enabled (Zero based)
 Heap Region Size: 2M
 Heap Min Capacity: 8M
 Heap Initial Capacity: 124M
 Heap Max Capacity: 3G
 Pre-touch: Disabled
 Parallel Workers: 4
 Concurrent Workers: 1
 Concurrent Refinement Workers: 4
 Periodic GC: Disabled
Heap:
 garbage-first heap   total 217088K, used 89541K [0x0000000740000000, 0x0000000800000000)
  region size 2048K, 2 young (4096K), 2 survivors (4096K)
 Metaspace       used 66421K, committed 67136K, reserved 1114112K
  class space    used 9198K, committed 9536K, reserved 1048576K
GC Heap History (20 events):
Event: 5.176 GC heap after
{Heap after GC invocations=12 (full 0):
 garbage-first heap   total 108544K, used 48676K [0x0000000740000000, 0x0000000800000000)
  region size 2048K, 3 young (6144K), 3 survivors (6144K)
 Metaspace       used 39296K, committed 39808K, reserved 1114112K
  class space    used 5571K, committed 5824K, reserved 1048576K
}
Event: 5.202 GC heap before
{Heap before GC invocations=12 (full 0):
 garbage-first heap   total 108544K, used 50724K [0x0000000740000000, 0x0000000800000000)
  region size 2048K, 4 young (8192K), 3 survivors (6144K)
 Metaspace       used 39527K, committed 40064K, reserved 1114112K
  class space    used 5607K, committed 5888K, reserved 1048576K
}
Event: 5.209 GC heap after
{Heap after GC invocations=13 (full 0):
 garbage-first heap   total 108544K, used 48892K [0x0000000740000000, 0x0000000800000000)
  region size 2048K, 1 young (2048K), 1 survivors (2048K)
 Metaspace       used 39527K, committed 40064K, reserved 1114112K
  class space    used 5607K, committed 5888K, reserved 1048576K
}
Event: 5.462 GC heap before
{Heap before GC invocations=13 (full 0):
 garbage-first heap   total 108544K, used 61180K [0x0000000740000000, 0x0000000800000000)
  region size 2048K, 8 young (16384K), 1 survivors (2048K)
 Metaspace       used 40300K, committed 40768K, reserved 1114112K
  class space    used 5715K, committed 5952K, reserved 1048576K
}
Event: 5.464 GC heap after
{Heap after GC invocations=14 (full 0):
 garbage-first heap   total 108544K, used 48738K [0x0000000740000000, 0x0000000800000000)
  region size 2048K, 1 young (2048K), 1 survivors (2048K)
 Metaspace       used 40300K, committed 40768K, reserved 1114112K
  class space    used 5715K, committed 5952K, reserved 1048576K
}
Event: 5.860 GC heap before
{Heap before GC invocations=15 (full 0):
 garbage-first heap   total 108544K, used 95842K [0x0000000740000000, 0x0000000800000000)
  region size 2048K, 18 young (36864K), 1 survivors (2048K)
 Metaspace       used 42576K, committed 43136K, reserved 1114112K
  class space    used 5922K, committed 6208K, reserved 1048576K
}
Event: 5.866 GC heap after
{Heap after GC invocations=16 (full 0):
 garbage-first heap   total 108544K, used 67952K [0x0000000740000000, 0x0000000800000000)
  region size 2048K, 3 young (6144K), 3 survivors (6144K)
 Metaspace       used 42576K, committed 43136K, reserved 1114112K
  class space    used 5922K, committed 6208K, reserved 1048576K
}
Event: 5.888 GC heap before
{Heap before GC invocations=16 (full 0):
 garbage-first heap   total 108544K, used 70000K [0x0000000740000000, 0x0000000800000000)
  region size 2048K, 4 young (8192K), 3 survivors (6144K)
 Metaspace       used 42654K, committed 43200K, reserved 1114112K
  class space    used 5934K, committed 6208K, reserved 1048576K
}
Event: 5.898 GC heap after
{Heap after GC invocations=17 (full 0):
 garbage-first heap   total 217088K, used 67616K [0x0000000740000000, 0x0000000800000000)
  region size 2048K, 1 young (2048K), 1 survivors (2048K)
 Metaspace       used 42654K, committed 43200K, reserved 1114112K
  class space    used 5934K, committed 6208K, reserved 1048576K
}
Event: 7.064 GC heap before
{Heap before GC invocations=17 (full 0):
 garbage-first heap   total 217088K, used 145440K [0x0000000740000000, 0x0000000800000000)
  region size 2048K, 39 young (79872K), 1 survivors (2048K)
 Metaspace       used 49640K, committed 50176K, reserved 1114112K
  class space    used 7037K, committed 7296K, reserved 1048576K
}
Event: 7.070 GC heap after
{Heap after GC invocations=18 (full 0):
 garbage-first heap   total 217088K, used 71351K [0x0000000740000000, 0x0000000800000000)
  region size 2048K, 3 young (6144K), 3 survivors (6144K)
 Metaspace       used 49640K, committed 50176K, reserved 1114112K
  class space    used 7037K, committed 7296K, reserved 1048576K
}
Event: 8.882 GC heap before
{Heap before GC invocations=18 (full 0):
 garbage-first heap   total 217088K, used 155319K [0x0000000740000000, 0x0000000800000000)
  region size 2048K, 43 young (88064K), 3 survivors (6144K)
 Metaspace       used 58478K, committed 59136K, reserved 1114112K
  class space    used 8086K, committed 8384K, reserved 1048576K
}
Event: 8.895 GC heap after
{Heap after GC invocations=19 (full 0):
 garbage-first heap   total 217088K, used 79979K [0x0000000740000000, 0x0000000800000000)
  region size 2048K, 6 young (12288K), 6 survivors (12288K)
 Metaspace       used 58478K, committed 59136K, reserved 1114112K
  class space    used 8086K, committed 8384K, reserved 1048576K
}
Event: 9.939 GC heap before
{Heap before GC invocations=19 (full 0):
 garbage-first heap   total 217088K, used 159851K [0x0000000740000000, 0x0000000800000000)
  region size 2048K, 45 young (92160K), 6 survivors (12288K)
 Metaspace       used 63057K, committed 63744K, reserved 1114112K
  class space    used 8796K, committed 9152K, reserved 1048576K
}
Event: 9.962 GC heap after
{Heap after GC invocations=20 (full 0):
 garbage-first heap   total 217088K, used 86615K [0x0000000740000000, 0x0000000800000000)
  region size 2048K, 4 young (8192K), 4 survivors (8192K)
 Metaspace       used 63057K, committed 63744K, reserved 1114112K
  class space    used 8796K, committed 9152K, reserved 1048576K
}
Event: 10.662 GC heap before
{Heap before GC invocations=20 (full 0):
 garbage-first heap   total 217088K, used 143959K [0x0000000740000000, 0x0000000800000000)
  region size 2048K, 24 young (49152K), 4 survivors (8192K)
 Metaspace       used 66128K, committed 66880K, reserved 1114112K
  class space    used 9178K, committed 9536K, reserved 1048576K
}
Event: 10.670 GC heap after
{Heap after GC invocations=21 (full 0):
 garbage-first heap   total 217088K, used 88825K [0x0000000740000000, 0x0000000800000000)
  region size 2048K, 5 young (10240K), 5 survivors (10240K)
 Metaspace       used 66128K, committed 66880K, reserved 1114112K
  class space    used 9178K, committed 9536K, reserved 1048576K
}
Event: 10.901 GC heap before
{Heap before GC invocations=21 (full 0):
 garbage-first heap   total 217088K, used 121593K [0x0000000740000000, 0x0000000800000000)
  region size 2048K, 11 young (22528K), 5 survivors (10240K)
 Metaspace       used 66420K, committed 67136K, reserved 1114112K
  class space    used 9198K, committed 9536K, reserved 1048576K
}
Event: 10.911 GC heap after
{Heap after GC invocations=22 (full 0):
 garbage-first heap   total 217088K, used 90481K [0x0000000740000000, 0x0000000800000000)
  region size 2048K, 3 young (6144K), 3 survivors (6144K)
 Metaspace       used 66420K, committed 67136K, reserved 1114112K
  class space    used 9198K, committed 9536K, reserved 1048576K
}
Event: 10.953 GC heap before
{Heap before GC invocations=22 (full 0):
 garbage-first heap   total 217088K, used 115057K [0x0000000740000000, 0x0000000800000000)
  region size 2048K, 4 young (8192K), 3 survivors (6144K)
 Metaspace       used 66421K, committed 67136K, reserved 1114112K
  class space    used 9198K, committed 9536K, reserved 1048576K
}

