# JRE version: OpenJDK Runtime Environment Temurin-17.0.13+11 (17.0.13+11) (build 17.0.13+11)
# Java VM: OpenJDK 64-Bit Server VM Temurin-17.0.13+11 (17.0.13+11, mixed mode, sharing, tiered, compressed oops, compressed class ptrs, g1 gc, windows-amd64)
GC Precious Log:
 CPUs: 4 total, 4 available
 Memory: 7932M
 Large Page Support: Disabled
 NUMA Support: Disabled
 Compressed Oops: Enabled (Zero based)
 Heap Region Size: 2M
 Heap Min Capacity: 8M
 Heap Initial Capacity: 124M
 Heap Max Capacity: 3G
 Pre-touch: Disabled
 Parallel Workers: 4
 Concurrent Workers: 1
 Concurrent Refinement Workers: 4
 Periodic GC: Disabled
Heap:
 garbage-first heap   total 331776K, used 125762K [0x0000000740000000, 0x0000000800000000)
  region size 2048K, 2 young (4096K), 2 survivors (4096K)
 Metaspace       used 83167K, committed 84032K, reserved 1179648K
  class space    used 11424K, committed 11840K, reserved 1048576K
GC Heap History (20 events):
Event: 59.606 GC heap after
{Heap after GC invocations=40 (full 0):
 garbage-first heap   total 245760K, used 115005K [0x0000000740000000, 0x0000000800000000)
  region size 2048K, 5 young (10240K), 5 survivors (10240K)
 Metaspace       used 78096K, committed 78848K, reserved 1179648K
  class space    used 10899K, committed 11264K, reserved 1048576K
}
Event: 59.683 GC heap before
{Heap before GC invocations=40 (full 0):
 garbage-first heap   total 245760K, used 119101K [0x0000000740000000, 0x0000000800000000)
  region size 2048K, 6 young (12288K), 5 survivors (10240K)
 Metaspace       used 78150K, committed 78976K, reserved 1179648K
  class space    used 10899K, committed 11264K, reserved 1048576K
}
Event: 59.692 GC heap after
{Heap after GC invocations=41 (full 0):
 garbage-first heap   total 245760K, used 116036K [0x0000000740000000, 0x0000000800000000)
  region size 2048K, 1 young (2048K), 1 survivors (2048K)
 Metaspace       used 78150K, committed 78976K, reserved 1179648K
  class space    used 10899K, committed 11264K, reserved 1048576K
}
Event: 60.080 GC heap before
{Heap before GC invocations=42 (full 0):
 garbage-first heap   total 276480K, used 169284K [0x0000000740000000, 0x0000000800000000)
  region size 2048K, 4 young (8192K), 1 survivors (2048K)
 Metaspace       used 78242K, committed 79040K, reserved 1179648K
  class space    used 10899K, committed 11264K, reserved 1048576K
}
Event: 60.084 GC heap after
{Heap after GC invocations=43 (full 0):
 garbage-first heap   total 276480K, used 115365K [0x0000000740000000, 0x0000000800000000)
  region size 2048K, 1 young (2048K), 1 survivors (2048K)
 Metaspace       used 78242K, committed 79040K, reserved 1179648K
  class space    used 10899K, committed 11264K, reserved 1048576K
}
Event: 60.104 GC heap before
{Heap before GC invocations=43 (full 0):
 garbage-first heap   total 276480K, used 121509K [0x0000000740000000, 0x0000000800000000)
  region size 2048K, 2 young (4096K), 1 survivors (2048K)
 Metaspace       used 78242K, committed 79040K, reserved 1179648K
  class space    used 10899K, committed 11264K, reserved 1048576K
}
Event: 60.107 GC heap after
{Heap after GC invocations=44 (full 0):
 garbage-first heap   total 331776K, used 115307K [0x0000000740000000, 0x0000000800000000)
  region size 2048K, 1 young (2048K), 1 survivors (2048K)
 Metaspace       used 78242K, committed 79040K, reserved 1179648K
  class space    used 10899K, committed 11264K, reserved 1048576K
}
Event: 60.550 GC heap before
{Heap before GC invocations=44 (full 0):
 garbage-first heap   total 331776K, used 154219K [0x0000000740000000, 0x0000000800000000)
  region size 2048K, 5 young (10240K), 1 survivors (2048K)
 Metaspace       used 78526K, committed 79296K, reserved 1179648K
  class space    used 10924K, committed 11328K, reserved 1048576K
}
Event: 60.554 GC heap after
{Heap after GC invocations=45 (full 0):
 garbage-first heap   total 331776K, used 115557K [0x0000000740000000, 0x0000000800000000)
  region size 2048K, 1 young (2048K), 1 survivors (2048K)
 Metaspace       used 78526K, committed 79296K, reserved 1179648K
  class space    used 10924K, committed 11328K, reserved 1048576K
}
Event: 268.298 GC heap before
{Heap before GC invocations=45 (full 0):
 garbage-first heap   total 331776K, used 232293K [0x0000000740000000, 0x0000000800000000)
  region size 2048K, 48 young (98304K), 1 survivors (2048K)
 Metaspace       used 82881K, committed 83776K, reserved 1179648K
  class space    used 11418K, committed 11840K, reserved 1048576K
}
Event: 268.426 GC heap after
{Heap after GC invocations=46 (full 0):
 garbage-first heap   total 331776K, used 123344K [0x0000000740000000, 0x0000000800000000)
  region size 2048K, 5 young (10240K), 5 survivors (10240K)
 Metaspace       used 82881K, committed 83776K, reserved 1179648K
  class space    used 11418K, committed 11840K, reserved 1048576K
}
Event: 269.024 GC heap before
{Heap before GC invocations=46 (full 0):
 garbage-first heap   total 331776K, used 154064K [0x0000000740000000, 0x0000000800000000)
  region size 2048K, 10 young (20480K), 5 survivors (10240K)
 Metaspace       used 82957K, committed 83840K, reserved 1179648K
  class space    used 11418K, committed 11840K, reserved 1048576K
}
Event: 269.044 GC heap after
{Heap after GC invocations=47 (full 0):
 garbage-first heap   total 331776K, used 125042K [0x0000000740000000, 0x0000000800000000)
  region size 2048K, 5 young (10240K), 5 survivors (10240K)
 Metaspace       used 82957K, committed 83840K, reserved 1179648K
  class space    used 11418K, committed 11840K, reserved 1048576K
}
Event: 269.468 GC heap before
{Heap before GC invocations=47 (full 0):
 garbage-first heap   total 331776K, used 151666K [0x0000000740000000, 0x0000000800000000)
  region size 2048K, 7 young (14336K), 5 survivors (10240K)
 Metaspace       used 82980K, committed 83840K, reserved 1179648K
  class space    used 11418K, committed 11840K, reserved 1048576K
}
Event: 269.494 GC heap after
{Heap after GC invocations=48 (full 0):
 garbage-first heap   total 331776K, used 125150K [0x0000000740000000, 0x0000000800000000)
  region size 2048K, 5 young (10240K), 5 survivors (10240K)
 Metaspace       used 82980K, committed 83840K, reserved 1179648K
  class space    used 11418K, committed 11840K, reserved 1048576K
}
Event: 270.558 GC heap before
{Heap before GC invocations=48 (full 0):
 garbage-first heap   total 331776K, used 159966K [0x0000000740000000, 0x0000000800000000)
  region size 2048K, 8 young (16384K), 5 survivors (10240K)
 Metaspace       used 83095K, committed 83968K, reserved 1179648K
  class space    used 11424K, committed 11840K, reserved 1048576K
}
Event: 270.572 GC heap after
{Heap after GC invocations=49 (full 0):
 garbage-first heap   total 331776K, used 125470K [0x0000000740000000, 0x0000000800000000)
  region size 2048K, 5 young (10240K), 5 survivors (10240K)
 Metaspace       used 83095K, committed 83968K, reserved 1179648K
  class space    used 11424K, committed 11840K, reserved 1048576K
}
Event: 270.794 GC heap before
{Heap before GC invocations=49 (full 0):
 garbage-first heap   total 331776K, used 162334K [0x0000000740000000, 0x0000000800000000)
  region size 2048K, 9 young (18432K), 5 survivors (10240K)
 Metaspace       used 83164K, committed 84032K, reserved 1179648K
  class space    used 11424K, committed 11840K, reserved 1048576K
}
Event: 270.835 GC heap after
{Heap after GC invocations=50 (full 0):
 garbage-first heap   total 331776K, used 126572K [0x0000000740000000, 0x0000000800000000)
  region size 2048K, 2 young (4096K), 2 survivors (4096K)
 Metaspace       used 83164K, committed 84032K, reserved 1179648K
  class space    used 11424K, committed 11840K, reserved 1048576K
}
Event: 271.015 GC heap before
{Heap before GC invocations=50 (full 0):
 garbage-first heap   total 331776K, used 151148K [0x0000000740000000, 0x0000000800000000)
  region size 2048K, 4 young (8192K), 2 survivors (4096K)
 Metaspace       used 83167K, committed 84032K, reserved 1179648K
  class space    used 11424K, committed 11840K, reserved 1048576K
}

