# JRE version: OpenJDK Runtime Environment Temurin-17.0.13+11 (17.0.13+11) (build 17.0.13+11)
# Java VM: OpenJDK 64-Bit Server VM Temurin-17.0.13+11 (17.0.13+11, mixed mode, sharing, tiered, compressed oops, compressed class ptrs, g1 gc, windows-amd64)
GC Precious Log:
 CPUs: 4 total, 4 available
 Memory: 7932M
 Large Page Support: Disabled
 NUMA Support: Disabled
 Compressed Oops: Enabled (Zero based)
 Heap Region Size: 2M
 Heap Min Capacity: 8M
 Heap Initial Capacity: 124M
 Heap Max Capacity: 3G
 Pre-touch: Disabled
 Parallel Workers: 4
 Concurrent Workers: 1
 Concurrent Refinement Workers: 4
 Periodic GC: Disabled
Heap:
 garbage-first heap   total 239616K, used 193580K [0x0000000740000000, 0x0000000800000000)
  region size 2048K, 1 young (2048K), 1 survivors (2048K)
 Metaspace       used 78455K, committed 79168K, reserved 1179648K
  class space    used 10902K, committed 11264K, reserved 1048576K
GC Heap History (20 events):
Event: 44.547 GC heap after
{Heap after GC invocations=47 (full 0):
 garbage-first heap   total 194560K, used 90241K [0x0000000740000000, 0x0000000800000000)
  region size 2048K, 2 young (4096K), 2 survivors (4096K)
 Metaspace       used 66637K, committed 67328K, reserved 1114112K
  class space    used 9210K, committed 9536K, reserved 1048576K
}
Event: 44.870 GC heap before
{Heap before GC invocations=48 (full 0):
 garbage-first heap   total 194560K, used 112769K [0x0000000740000000, 0x0000000800000000)
  region size 2048K, 3 young (6144K), 2 survivors (4096K)
 Metaspace       used 66637K, committed 67328K, reserved 1114112K
  class space    used 9210K, committed 9536K, reserved 1048576K
}
Event: 44.878 GC heap after
{Heap after GC invocations=49 (full 0):
 garbage-first heap   total 194560K, used 90079K [0x0000000740000000, 0x0000000800000000)
  region size 2048K, 2 young (4096K), 2 survivors (4096K)
 Metaspace       used 66637K, committed 67328K, reserved 1114112K
  class space    used 9210K, committed 9536K, reserved 1048576K
}
Event: 45.110 GC heap before
{Heap before GC invocations=50 (full 0):
 garbage-first heap   total 198656K, used 114655K [0x0000000740000000, 0x0000000800000000)
  region size 2048K, 3 young (6144K), 2 survivors (4096K)
 Metaspace       used 66637K, committed 67328K, reserved 1114112K
  class space    used 9210K, committed 9536K, reserved 1048576K
}
Event: 45.123 GC heap after
{Heap after GC invocations=51 (full 0):
 garbage-first heap   total 198656K, used 90092K [0x0000000740000000, 0x0000000800000000)
  region size 2048K, 2 young (4096K), 2 survivors (4096K)
 Metaspace       used 66637K, committed 67328K, reserved 1114112K
  class space    used 9210K, committed 9536K, reserved 1048576K
}
Event: 56.034 GC heap before
{Heap before GC invocations=51 (full 0):
 garbage-first heap   total 198656K, used 141292K [0x0000000740000000, 0x0000000800000000)
  region size 2048K, 25 young (51200K), 2 survivors (4096K)
 Metaspace       used 69823K, committed 70528K, reserved 1114112K
  class space    used 9647K, committed 9984K, reserved 1048576K
}
Event: 56.060 GC heap after
{Heap after GC invocations=52 (full 0):
 garbage-first heap   total 239616K, used 93356K [0x0000000740000000, 0x0000000800000000)
  region size 2048K, 4 young (8192K), 4 survivors (8192K)
 Metaspace       used 69823K, committed 70528K, reserved 1114112K
  class space    used 9647K, committed 9984K, reserved 1048576K
}
Event: 62.860 GC heap before
{Heap before GC invocations=52 (full 0):
 garbage-first heap   total 239616K, used 205996K [0x0000000740000000, 0x0000000800000000)
  region size 2048K, 51 young (104448K), 4 survivors (8192K)
 Metaspace       used 78325K, committed 79040K, reserved 1179648K
  class space    used 10891K, committed 11264K, reserved 1048576K
}
Event: 62.879 GC heap after
{Heap after GC invocations=53 (full 0):
 garbage-first heap   total 239616K, used 114033K [0x0000000740000000, 0x0000000800000000)
  region size 2048K, 7 young (14336K), 7 survivors (14336K)
 Metaspace       used 78325K, committed 79040K, reserved 1179648K
  class space    used 10891K, committed 11264K, reserved 1048576K
}
Event: 62.920 GC heap before
{Heap before GC invocations=53 (full 0):
 garbage-first heap   total 239616K, used 122225K [0x0000000740000000, 0x0000000800000000)
  region size 2048K, 8 young (16384K), 7 survivors (14336K)
 Metaspace       used 78330K, committed 79104K, reserved 1179648K
  class space    used 10891K, committed 11264K, reserved 1048576K
}
Event: 62.936 GC heap after
{Heap after GC invocations=54 (full 0):
 garbage-first heap   total 239616K, used 115353K [0x0000000740000000, 0x0000000800000000)
  region size 2048K, 1 young (2048K), 1 survivors (2048K)
 Metaspace       used 78330K, committed 79104K, reserved 1179648K
  class space    used 10891K, committed 11264K, reserved 1048576K
}
Event: 63.310 GC heap before
{Heap before GC invocations=55 (full 0):
 garbage-first heap   total 239616K, used 187033K [0x0000000740000000, 0x0000000800000000)
  region size 2048K, 28 young (57344K), 1 survivors (2048K)
 Metaspace       used 78449K, committed 79168K, reserved 1179648K
  class space    used 10902K, committed 11264K, reserved 1048576K
}
Event: 63.343 GC heap after
{Heap after GC invocations=56 (full 0):
 garbage-first heap   total 239616K, used 157333K [0x0000000740000000, 0x0000000800000000)
  region size 2048K, 4 young (8192K), 4 survivors (8192K)
 Metaspace       used 78449K, committed 79168K, reserved 1179648K
  class space    used 10902K, committed 11264K, reserved 1048576K
}
Event: 63.372 GC heap before
{Heap before GC invocations=56 (full 0):
 garbage-first heap   total 239616K, used 159381K [0x0000000740000000, 0x0000000800000000)
  region size 2048K, 5 young (10240K), 4 survivors (8192K)
 Metaspace       used 78455K, committed 79168K, reserved 1179648K
  class space    used 10902K, committed 11264K, reserved 1048576K
}
Event: 63.390 GC heap after
{Heap after GC invocations=57 (full 0):
 garbage-first heap   total 239616K, used 159595K [0x0000000740000000, 0x0000000800000000)
  region size 2048K, 1 young (2048K), 1 survivors (2048K)
 Metaspace       used 78455K, committed 79168K, reserved 1179648K
  class space    used 10902K, committed 11264K, reserved 1048576K
}
Event: 63.499 GC heap before
{Heap before GC invocations=57 (full 0):
 garbage-first heap   total 239616K, used 184171K [0x0000000740000000, 0x0000000800000000)
  region size 2048K, 13 young (26624K), 1 survivors (2048K)
 Metaspace       used 78455K, committed 79168K, reserved 1179648K
  class space    used 10902K, committed 11264K, reserved 1048576K
}
Event: 63.514 GC heap after
{Heap after GC invocations=58 (full 0):
 garbage-first heap   total 239616K, used 174675K [0x0000000740000000, 0x0000000800000000)
  region size 2048K, 2 young (4096K), 2 survivors (4096K)
 Metaspace       used 78455K, committed 79168K, reserved 1179648K
  class space    used 10902K, committed 11264K, reserved 1048576K
}
Event: 63.680 GC heap before
{Heap before GC invocations=58 (full 0):
 garbage-first heap   total 239616K, used 191059K [0x0000000740000000, 0x0000000800000000)
  region size 2048K, 10 young (20480K), 2 survivors (4096K)
 Metaspace       used 78455K, committed 79168K, reserved 1179648K
  class space    used 10902K, committed 11264K, reserved 1048576K
}
Event: 63.699 GC heap after
{Heap after GC invocations=59 (full 0):
 garbage-first heap   total 239616K, used 186155K [0x0000000740000000, 0x0000000800000000)
  region size 2048K, 2 young (4096K), 2 survivors (4096K)
 Metaspace       used 78455K, committed 79168K, reserved 1179648K
  class space    used 10902K, committed 11264K, reserved 1048576K
}
Event: 63.747 GC heap before
{Heap before GC invocations=59 (full 0):
 garbage-first heap   total 239616K, used 196395K [0x0000000740000000, 0x0000000800000000)
  region size 2048K, 7 young (14336K), 2 survivors (4096K)
 Metaspace       used 78455K, committed 79168K, reserved 1179648K
  class space    used 10902K, committed 11264K, reserved 1048576K
}

