# JRE version: OpenJDK Runtime Environment Temurin-17.0.13+11 (17.0.13+11) (build 17.0.13+11)
# Java VM: OpenJDK 64-Bit Server VM Temurin-17.0.13+11 (17.0.13+11, mixed mode, sharing, tiered, compressed oops, compressed class ptrs, g1 gc, windows-amd64)
GC Precious Log:
 CPUs: 4 total, 4 available
 Memory: 7932M
 Large Page Support: Disabled
 NUMA Support: Disabled
 Compressed Oops: Enabled (Zero based)
 Heap Region Size: 2M
 Heap Min Capacity: 8M
 Heap Initial Capacity: 124M
 Heap Max Capacity: 3G
 Pre-touch: Disabled
 Parallel Workers: 4
 Concurrent Workers: 1
 Concurrent Refinement Workers: 4
 Periodic GC: Disabled
Heap:
 garbage-first heap   total 253952K, used 114500K [0x0000000740000000, 0x0000000800000000)
  region size 2048K, 6 young (12288K), 6 survivors (12288K)
 Metaspace       used 74129K, committed 74880K, reserved 1114112K
  class space    used 10359K, committed 10688K, reserved 1048576K
GC Heap History (20 events):
Event: 13.622 GC heap after
{Heap after GC invocations=27 (full 0):
 garbage-first heap   total 147456K, used 86028K [0x0000000740000000, 0x0000000800000000)
  region size 2048K, 3 young (6144K), 3 survivors (6144K)
 Metaspace       used 62198K, committed 62912K, reserved 1114112K
  class space    used 8652K, committed 8960K, reserved 1048576K
}
Event: 14.042 GC heap before
{Heap before GC invocations=28 (full 0):
 garbage-first heap   total 161792K, used 116748K [0x0000000740000000, 0x0000000800000000)
  region size 2048K, 18 young (36864K), 3 survivors (6144K)
 Metaspace       used 63140K, committed 63872K, reserved 1114112K
  class space    used 8822K, committed 9152K, reserved 1048576K
}
Event: 14.056 GC heap after
{Heap after GC invocations=29 (full 0):
 garbage-first heap   total 161792K, used 88539K [0x0000000740000000, 0x0000000800000000)
  region size 2048K, 3 young (6144K), 3 survivors (6144K)
 Metaspace       used 63140K, committed 63872K, reserved 1114112K
  class space    used 8822K, committed 9152K, reserved 1048576K
}
Event: 14.437 GC heap before
{Heap before GC invocations=29 (full 0):
 garbage-first heap   total 161792K, used 100827K [0x0000000740000000, 0x0000000800000000)
  region size 2048K, 10 young (20480K), 3 survivors (6144K)
 Metaspace       used 64284K, committed 64960K, reserved 1114112K
  class space    used 8986K, committed 9280K, reserved 1048576K
}
Event: 14.445 GC heap after
{Heap after GC invocations=30 (full 0):
 garbage-first heap   total 161792K, used 89330K [0x0000000740000000, 0x0000000800000000)
  region size 2048K, 2 young (4096K), 2 survivors (4096K)
 Metaspace       used 64284K, committed 64960K, reserved 1114112K
  class space    used 8986K, committed 9280K, reserved 1048576K
}
Event: 14.795 GC heap before
{Heap before GC invocations=31 (full 0):
 garbage-first heap   total 163840K, used 95474K [0x0000000740000000, 0x0000000800000000)
  region size 2048K, 4 young (8192K), 2 survivors (4096K)
 Metaspace       used 64557K, committed 65216K, reserved 1114112K
  class space    used 9021K, committed 9344K, reserved 1048576K
}
Event: 14.800 GC heap after
{Heap after GC invocations=32 (full 0):
 garbage-first heap   total 163840K, used 89296K [0x0000000740000000, 0x0000000800000000)
  region size 2048K, 1 young (2048K), 1 survivors (2048K)
 Metaspace       used 64557K, committed 65216K, reserved 1114112K
  class space    used 9021K, committed 9344K, reserved 1048576K
}
Event: 14.945 GC heap before
{Heap before GC invocations=33 (full 0):
 garbage-first heap   total 182272K, used 103632K [0x0000000740000000, 0x0000000800000000)
  region size 2048K, 4 young (8192K), 1 survivors (2048K)
 Metaspace       used 64832K, committed 65472K, reserved 1114112K
  class space    used 9061K, committed 9344K, reserved 1048576K
}
Event: 14.948 GC heap after
{Heap after GC invocations=34 (full 0):
 garbage-first heap   total 182272K, used 89793K [0x0000000740000000, 0x0000000800000000)
  region size 2048K, 1 young (2048K), 1 survivors (2048K)
 Metaspace       used 64832K, committed 65472K, reserved 1114112K
  class space    used 9061K, committed 9344K, reserved 1048576K
}
Event: 15.202 GC heap before
{Heap before GC invocations=35 (full 0):
 garbage-first heap   total 182272K, used 102081K [0x0000000740000000, 0x0000000800000000)
  region size 2048K, 6 young (12288K), 1 survivors (2048K)
 Metaspace       used 66133K, committed 66816K, reserved 1114112K
  class space    used 9191K, committed 9472K, reserved 1048576K
}
Event: 15.205 GC heap after
{Heap after GC invocations=36 (full 0):
 garbage-first heap   total 182272K, used 90058K [0x0000000740000000, 0x0000000800000000)
  region size 2048K, 1 young (2048K), 1 survivors (2048K)
 Metaspace       used 66133K, committed 66816K, reserved 1114112K
  class space    used 9191K, committed 9472K, reserved 1048576K
}
Event: 15.652 GC heap before
{Heap before GC invocations=37 (full 0):
 garbage-first heap   total 198656K, used 120778K [0x0000000740000000, 0x0000000800000000)
  region size 2048K, 7 young (14336K), 1 survivors (2048K)
 Metaspace       used 66434K, committed 67136K, reserved 1114112K
  class space    used 9212K, committed 9536K, reserved 1048576K
}
Event: 15.657 GC heap after
{Heap after GC invocations=38 (full 0):
 garbage-first heap   total 253952K, used 91431K [0x0000000740000000, 0x0000000800000000)
  region size 2048K, 2 young (4096K), 2 survivors (4096K)
 Metaspace       used 66434K, committed 67136K, reserved 1114112K
  class space    used 9212K, committed 9536K, reserved 1048576K
}
Event: 15.731 GC heap before
{Heap before GC invocations=38 (full 0):
 garbage-first heap   total 253952K, used 113959K [0x0000000740000000, 0x0000000800000000)
  region size 2048K, 3 young (6144K), 2 survivors (4096K)
 Metaspace       used 66436K, committed 67136K, reserved 1114112K
  class space    used 9212K, committed 9536K, reserved 1048576K
}
Event: 15.735 GC heap after
{Heap after GC invocations=39 (full 0):
 garbage-first heap   total 253952K, used 91417K [0x0000000740000000, 0x0000000800000000)
  region size 2048K, 2 young (4096K), 2 survivors (4096K)
 Metaspace       used 66436K, committed 67136K, reserved 1114112K
  class space    used 9212K, committed 9536K, reserved 1048576K
}
Event: 15.744 GC heap before
{Heap before GC invocations=39 (full 0):
 garbage-first heap   total 253952K, used 93465K [0x0000000740000000, 0x0000000800000000)
  region size 2048K, 3 young (6144K), 2 survivors (4096K)
 Metaspace       used 66436K, committed 67136K, reserved 1114112K
  class space    used 9212K, committed 9536K, reserved 1048576K
}
Event: 15.748 GC heap after
{Heap after GC invocations=40 (full 0):
 garbage-first heap   total 253952K, used 91283K [0x0000000740000000, 0x0000000800000000)
  region size 2048K, 2 young (4096K), 2 survivors (4096K)
 Metaspace       used 66436K, committed 67136K, reserved 1114112K
  class space    used 9212K, committed 9536K, reserved 1048576K
}
Event: 15.823 GC heap before
{Heap before GC invocations=40 (full 0):
 garbage-first heap   total 253952K, used 113811K [0x0000000740000000, 0x0000000800000000)
  region size 2048K, 3 young (6144K), 2 survivors (4096K)
 Metaspace       used 66436K, committed 67136K, reserved 1114112K
  class space    used 9212K, committed 9536K, reserved 1048576K
}
Event: 15.826 GC heap after
{Heap after GC invocations=41 (full 0):
 garbage-first heap   total 253952K, used 91427K [0x0000000740000000, 0x0000000800000000)
  region size 2048K, 2 young (4096K), 2 survivors (4096K)
 Metaspace       used 66436K, committed 67136K, reserved 1114112K
  class space    used 9212K, committed 9536K, reserved 1048576K
}
Event: 26.254 GC heap before
{Heap before GC invocations=41 (full 0):
 garbage-first heap   total 253952K, used 226595K [0x0000000740000000, 0x0000000800000000)
  region size 2048K, 58 young (118784K), 2 survivors (4096K)
 Metaspace       used 74129K, committed 74880K, reserved 1114112K
  class space    used 10359K, committed 10688K, reserved 1048576K
}

