# JRE version: OpenJDK Runtime Environment Temurin-17.0.13+11 (17.0.13+11) (build 17.0.13+11)
# Java VM: OpenJDK 64-Bit Server VM Temurin-17.0.13+11 (17.0.13+11, mixed mode, sharing, tiered, compressed oops, compressed class ptrs, g1 gc, windows-amd64)
GC Precious Log:
 CPUs: 4 total, 4 available
 Memory: 7932M
 Large Page Support: Disabled
 NUMA Support: Disabled
 Compressed Oops: Enabled (Zero based)
 Heap Region Size: 2M
 Heap Min Capacity: 8M
 Heap Initial Capacity: 124M
 Heap Max Capacity: 3G
 Pre-touch: Disabled
 Parallel Workers: 4
 Concurrent Workers: 1
 Concurrent Refinement Workers: 4
 Periodic GC: Disabled
Heap:
 garbage-first heap   total 266240K, used 169053K [0x0000000740000000, 0x0000000800000000)
  region size 2048K, 34 young (69632K), 2 survivors (4096K)
 Metaspace       used 72327K, committed 73088K, reserved 1114112K
  class space    used 10135K, committed 10496K, reserved 1048576K
GC Heap History (20 events):
Event: 9.667 GC heap before
{Heap before GC invocations=15 (full 0):
 garbage-first heap   total 131072K, used 96718K [0x0000000740000000, 0x0000000800000000)
  region size 2048K, 18 young (36864K), 2 survivors (4096K)
 Metaspace       used 42885K, committed 43456K, reserved 1114112K
  class space    used 5966K, committed 6208K, reserved 1048576K
}
Event: 9.673 GC heap after
{Heap after GC invocations=16 (full 0):
 garbage-first heap   total 131072K, used 69063K [0x0000000740000000, 0x0000000800000000)
  region size 2048K, 3 young (6144K), 3 survivors (6144K)
 Metaspace       used 42885K, committed 43456K, reserved 1114112K
  class space    used 5966K, committed 6208K, reserved 1048576K
}
Event: 10.427 GC heap before
{Heap before GC invocations=16 (full 0):
 garbage-first heap   total 131072K, used 95687K [0x0000000740000000, 0x0000000800000000)
  region size 2048K, 17 young (34816K), 3 survivors (6144K)
 Metaspace       used 45597K, committed 46144K, reserved 1114112K
  class space    used 6406K, committed 6656K, reserved 1048576K
}
Event: 10.435 GC heap after
{Heap after GC invocations=17 (full 0):
 garbage-first heap   total 131072K, used 71128K [0x0000000740000000, 0x0000000800000000)
  region size 2048K, 3 young (6144K), 3 survivors (6144K)
 Metaspace       used 45597K, committed 46144K, reserved 1114112K
  class space    used 6406K, committed 6656K, reserved 1048576K
}
Event: 10.980 GC heap before
{Heap before GC invocations=18 (full 0):
 garbage-first heap   total 131072K, used 99800K [0x0000000740000000, 0x0000000800000000)
  region size 2048K, 17 young (34816K), 3 survivors (6144K)
 Metaspace       used 48207K, committed 48768K, reserved 1114112K
  class space    used 6796K, committed 7040K, reserved 1048576K
}
Event: 10.990 GC heap after
{Heap after GC invocations=19 (full 0):
 garbage-first heap   total 131072K, used 72019K [0x0000000740000000, 0x0000000800000000)
  region size 2048K, 2 young (4096K), 2 survivors (4096K)
 Metaspace       used 48207K, committed 48768K, reserved 1114112K
  class space    used 6796K, committed 7040K, reserved 1048576K
}
Event: 11.579 GC heap before
{Heap before GC invocations=19 (full 0):
 garbage-first heap   total 131072K, used 102739K [0x0000000740000000, 0x0000000800000000)
  region size 2048K, 17 young (34816K), 2 survivors (4096K)
 Metaspace       used 49972K, committed 50496K, reserved 1114112K
  class space    used 7060K, committed 7296K, reserved 1048576K
}
Event: 11.586 GC heap after
{Heap after GC invocations=20 (full 0):
 garbage-first heap   total 131072K, used 73929K [0x0000000740000000, 0x0000000800000000)
  region size 2048K, 3 young (6144K), 3 survivors (6144K)
 Metaspace       used 49972K, committed 50496K, reserved 1114112K
  class space    used 7060K, committed 7296K, reserved 1048576K
}
Event: 12.041 GC heap before
{Heap before GC invocations=21 (full 0):
 garbage-first heap   total 133120K, used 100553K [0x0000000740000000, 0x0000000800000000)
  region size 2048K, 17 young (34816K), 3 survivors (6144K)
 Metaspace       used 50988K, committed 51584K, reserved 1114112K
  class space    used 7161K, committed 7424K, reserved 1048576K
}
Event: 12.049 GC heap after
{Heap after GC invocations=22 (full 0):
 garbage-first heap   total 133120K, used 75181K [0x0000000740000000, 0x0000000800000000)
  region size 2048K, 2 young (4096K), 2 survivors (4096K)
 Metaspace       used 50988K, committed 51584K, reserved 1114112K
  class space    used 7161K, committed 7424K, reserved 1048576K
}
Event: 13.159 GC heap before
{Heap before GC invocations=22 (full 0):
 garbage-first heap   total 133120K, used 101805K [0x0000000740000000, 0x0000000800000000)
  region size 2048K, 17 young (34816K), 2 survivors (4096K)
 Metaspace       used 57715K, committed 58368K, reserved 1114112K
  class space    used 7969K, committed 8256K, reserved 1048576K
}
Event: 13.165 GC heap after
{Heap after GC invocations=23 (full 0):
 garbage-first heap   total 266240K, used 78829K [0x0000000740000000, 0x0000000800000000)
  region size 2048K, 3 young (6144K), 3 survivors (6144K)
 Metaspace       used 57715K, committed 58368K, reserved 1114112K
  class space    used 7969K, committed 8256K, reserved 1048576K
}
Event: 15.648 GC heap before
{Heap before GC invocations=23 (full 0):
 garbage-first heap   total 266240K, used 222189K [0x0000000740000000, 0x0000000800000000)
  region size 2048K, 63 young (129024K), 3 survivors (6144K)
 Metaspace       used 65090K, committed 65792K, reserved 1114112K
  class space    used 9075K, committed 9408K, reserved 1048576K
}
Event: 15.665 GC heap after
{Heap after GC invocations=24 (full 0):
 garbage-first heap   total 266240K, used 89645K [0x0000000740000000, 0x0000000800000000)
  region size 2048K, 7 young (14336K), 7 survivors (14336K)
 Metaspace       used 65090K, committed 65792K, reserved 1114112K
  class space    used 9075K, committed 9408K, reserved 1048576K
}
Event: 16.181 GC heap before
{Heap before GC invocations=24 (full 0):
 garbage-first heap   total 266240K, used 128557K [0x0000000740000000, 0x0000000800000000)
  region size 2048K, 17 young (34816K), 7 survivors (14336K)
 Metaspace       used 66429K, committed 67072K, reserved 1114112K
  class space    used 9204K, committed 9536K, reserved 1048576K
}
Event: 16.196 GC heap after
{Heap after GC invocations=25 (full 0):
 garbage-first heap   total 266240K, used 91636K [0x0000000740000000, 0x0000000800000000)
  region size 2048K, 2 young (4096K), 2 survivors (4096K)
 Metaspace       used 66429K, committed 67072K, reserved 1114112K
  class space    used 9204K, committed 9536K, reserved 1048576K
}
Event: 16.258 GC heap before
{Heap before GC invocations=25 (full 0):
 garbage-first heap   total 266240K, used 116212K [0x0000000740000000, 0x0000000800000000)
  region size 2048K, 3 young (6144K), 2 survivors (4096K)
 Metaspace       used 66429K, committed 67072K, reserved 1114112K
  class space    used 9204K, committed 9536K, reserved 1048576K
}
Event: 16.262 GC heap after
{Heap after GC invocations=26 (full 0):
 garbage-first heap   total 266240K, used 91119K [0x0000000740000000, 0x0000000800000000)
  region size 2048K, 1 young (2048K), 1 survivors (2048K)
 Metaspace       used 66429K, committed 67072K, reserved 1114112K
  class space    used 9204K, committed 9536K, reserved 1048576K
}
Event: 16.503 GC heap before
{Heap before GC invocations=26 (full 0):
 garbage-first heap   total 266240K, used 130031K [0x0000000740000000, 0x0000000800000000)
  region size 2048K, 7 young (14336K), 1 survivors (2048K)
 Metaspace       used 67377K, committed 68096K, reserved 1114112K
  class space    used 9347K, committed 9664K, reserved 1048576K
}
Event: 16.507 GC heap after
{Heap after GC invocations=27 (full 0):
 garbage-first heap   total 266240K, used 91229K [0x0000000740000000, 0x0000000800000000)
  region size 2048K, 2 young (4096K), 2 survivors (4096K)
 Metaspace       used 67377K, committed 68096K, reserved 1114112K
  class space    used 9347K, committed 9664K, reserved 1048576K
}

