# JRE version: OpenJDK Runtime Environment Temurin-17.0.13+11 (17.0.13+11) (build 17.0.13+11)
# Java VM: OpenJDK 64-Bit Server VM Temurin-17.0.13+11 (17.0.13+11, mixed mode, sharing, tiered, compressed oops, compressed class ptrs, g1 gc, windows-amd64)
GC Precious Log:
 CPUs: 4 total, 4 available
 Memory: 7932M
 Large Page Support: Disabled
 NUMA Support: Disabled
 Compressed Oops: Enabled (Zero based)
 Heap Region Size: 2M
 Heap Min Capacity: 8M
 Heap Initial Capacity: 124M
 Heap Max Capacity: 3G
 Pre-touch: Disabled
 Parallel Workers: 4
 Concurrent Workers: 1
 Concurrent Refinement Workers: 4
 Periodic GC: Disabled
Heap:
 garbage-first heap   total 684032K, used 385772K [0x0000000740000000, 0x0000000800000000)
  region size 2048K, 2 young (4096K), 2 survivors (4096K)
 Metaspace       used 90286K, committed 91264K, reserved 1179648K
  class space    used 12394K, committed 12864K, reserved 1048576K
GC Heap History (20 events):
Event: 43.593 GC heap after
{Heap after GC invocations=49 (full 0):
 garbage-first heap   total 184320K, used 94465K [0x0000000740000000, 0x0000000800000000)
  region size 2048K, 2 young (4096K), 2 survivors (4096K)
 Metaspace       used 72326K, committed 73088K, reserved 1114112K
  class space    used 10036K, committed 10368K, reserved 1048576K
}
Event: 44.272 GC heap before
{Heap before GC invocations=50 (full 0):
 garbage-first heap   total 202752K, used 129281K [0x0000000740000000, 0x0000000800000000)
  region size 2048K, 9 young (18432K), 2 survivors (4096K)
 Metaspace       used 72575K, committed 73280K, reserved 1114112K
  class space    used 10051K, committed 10368K, reserved 1048576K
}
Event: 44.279 GC heap after
{Heap after GC invocations=51 (full 0):
 garbage-first heap   total 243712K, used 96018K [0x0000000740000000, 0x0000000800000000)
  region size 2048K, 3 young (6144K), 3 survivors (6144K)
 Metaspace       used 72575K, committed 73280K, reserved 1114112K
  class space    used 10051K, committed 10368K, reserved 1048576K
}
Event: 44.332 GC heap before
{Heap before GC invocations=51 (full 0):
 garbage-first heap   total 243712K, used 118546K [0x0000000740000000, 0x0000000800000000)
  region size 2048K, 4 young (8192K), 3 survivors (6144K)
 Metaspace       used 72575K, committed 73280K, reserved 1114112K
  class space    used 10051K, committed 10368K, reserved 1048576K
}
Event: 44.338 GC heap after
{Heap after GC invocations=52 (full 0):
 garbage-first heap   total 243712K, used 95835K [0x0000000740000000, 0x0000000800000000)
  region size 2048K, 3 young (6144K), 3 survivors (6144K)
 Metaspace       used 72575K, committed 73280K, reserved 1114112K
  class space    used 10051K, committed 10368K, reserved 1048576K
}
Event: 44.343 GC heap before
{Heap before GC invocations=52 (full 0):
 garbage-first heap   total 243712K, used 97883K [0x0000000740000000, 0x0000000800000000)
  region size 2048K, 4 young (8192K), 3 survivors (6144K)
 Metaspace       used 72575K, committed 73280K, reserved 1114112K
  class space    used 10051K, committed 10368K, reserved 1048576K
}
Event: 44.349 GC heap after
{Heap after GC invocations=53 (full 0):
 garbage-first heap   total 243712K, used 95654K [0x0000000740000000, 0x0000000800000000)
  region size 2048K, 3 young (6144K), 3 survivors (6144K)
 Metaspace       used 72575K, committed 73280K, reserved 1114112K
  class space    used 10051K, committed 10368K, reserved 1048576K
}
Event: 44.395 GC heap before
{Heap before GC invocations=53 (full 0):
 garbage-first heap   total 243712K, used 118182K [0x0000000740000000, 0x0000000800000000)
  region size 2048K, 4 young (8192K), 3 survivors (6144K)
 Metaspace       used 72575K, committed 73280K, reserved 1114112K
  class space    used 10051K, committed 10368K, reserved 1048576K
}
Event: 44.402 GC heap after
{Heap after GC invocations=54 (full 0):
 garbage-first heap   total 243712K, used 95866K [0x0000000740000000, 0x0000000800000000)
  region size 2048K, 3 young (6144K), 3 survivors (6144K)
 Metaspace       used 72575K, committed 73280K, reserved 1114112K
  class space    used 10051K, committed 10368K, reserved 1048576K
}
Event: 44.750 GC heap before
{Heap before GC invocations=54 (full 0):
 garbage-first heap   total 243712K, used 128634K [0x0000000740000000, 0x0000000800000000)
  region size 2048K, 11 young (22528K), 3 survivors (6144K)
 Metaspace       used 74185K, committed 74880K, reserved 1114112K
  class space    used 10267K, committed 10560K, reserved 1048576K
}
Event: 44.763 GC heap after
{Heap after GC invocations=55 (full 0):
 garbage-first heap   total 573440K, used 109999K [0x0000000740000000, 0x0000000800000000)
  region size 2048K, 4 young (8192K), 4 survivors (8192K)
 Metaspace       used 74185K, committed 74880K, reserved 1114112K
  class space    used 10267K, committed 10560K, reserved 1048576K
}
Event: 99.397 GC heap before
{Heap before GC invocations=55 (full 0):
 garbage-first heap   total 573440K, used 542127K [0x0000000740000000, 0x0000000800000000)
  region size 2048K, 160 young (327680K), 4 survivors (8192K)
 Metaspace       used 86360K, committed 87232K, reserved 1179648K
  class space    used 11917K, committed 12288K, reserved 1048576K
}
Event: 99.447 GC heap after
{Heap after GC invocations=56 (full 0):
 garbage-first heap   total 573440K, used 126845K [0x0000000740000000, 0x0000000800000000)
  region size 2048K, 11 young (22528K), 11 survivors (22528K)
 Metaspace       used 86360K, committed 87232K, reserved 1179648K
  class space    used 11917K, committed 12288K, reserved 1048576K
}
Event: 104.370 GC heap before
{Heap before GC invocations=56 (full 0):
 garbage-first heap   total 573440K, used 530301K [0x0000000740000000, 0x0000000800000000)
  region size 2048K, 148 young (303104K), 11 survivors (22528K)
 Metaspace       used 90083K, committed 91072K, reserved 1179648K
  class space    used 12378K, committed 12864K, reserved 1048576K
}
Event: 104.559 GC heap after
{Heap after GC invocations=57 (full 0):
 garbage-first heap   total 649216K, used 223495K [0x0000000740000000, 0x0000000800000000)
  region size 2048K, 21 young (43008K), 21 survivors (43008K)
 Metaspace       used 90083K, committed 91072K, reserved 1179648K
  class space    used 12378K, committed 12864K, reserved 1048576K
}
Event: 105.509 GC heap before
{Heap before GC invocations=57 (full 0):
 garbage-first heap   total 649216K, used 504071K [0x0000000740000000, 0x0000000800000000)
  region size 2048K, 134 young (274432K), 21 survivors (43008K)
 Metaspace       used 90272K, committed 91264K, reserved 1179648K
  class space    used 12394K, committed 12864K, reserved 1048576K
}
Event: 105.747 GC heap after
{Heap after GC invocations=58 (full 0):
 garbage-first heap   total 684032K, used 359148K [0x0000000740000000, 0x0000000800000000)
  region size 2048K, 17 young (34816K), 17 survivors (34816K)
 Metaspace       used 90272K, committed 91264K, reserved 1179648K
  class space    used 12394K, committed 12864K, reserved 1048576K
}
Event: 105.874 GC heap before
{Heap before GC invocations=58 (full 0):
 garbage-first heap   total 684032K, used 361196K [0x0000000740000000, 0x0000000800000000)
  region size 2048K, 19 young (38912K), 17 survivors (34816K)
 Metaspace       used 90273K, committed 91264K, reserved 1179648K
  class space    used 12394K, committed 12864K, reserved 1048576K
}
Event: 105.969 GC heap after
{Heap after GC invocations=59 (full 0):
 garbage-first heap   total 684032K, used 359148K [0x0000000740000000, 0x0000000800000000)
  region size 2048K, 2 young (4096K), 2 survivors (4096K)
 Metaspace       used 90273K, committed 91264K, reserved 1179648K
  class space    used 12394K, committed 12864K, reserved 1048576K
}
Event: 106.347 GC heap before
{Heap before GC invocations=59 (full 0):
 garbage-first heap   total 684032K, used 406252K [0x0000000740000000, 0x0000000800000000)
  region size 2048K, 16 young (32768K), 2 survivors (4096K)
 Metaspace       used 90286K, committed 91264K, reserved 1179648K
  class space    used 12394K, committed 12864K, reserved 1048576K
}

