# JRE version: OpenJDK Runtime Environment Temurin-17.0.13+11 (17.0.13+11) (build 17.0.13+11)
# Java VM: OpenJDK 64-Bit Server VM Temurin-17.0.13+11 (17.0.13+11, mixed mode, sharing, tiered, compressed oops, compressed class ptrs, g1 gc, windows-amd64)
GC Precious Log:
 CPUs: 4 total, 4 available
 Memory: 7932M
 Large Page Support: Disabled
 NUMA Support: Disabled
 Compressed Oops: Enabled (Zero based)
 Heap Region Size: 2M
 Heap Min Capacity: 8M
 Heap Initial Capacity: 124M
 Heap Max Capacity: 3G
 Pre-touch: Disabled
 Parallel Workers: 4
 Concurrent Workers: 1
 Concurrent Refinement Workers: 4
 Periodic GC: Disabled
Heap:
 garbage-first heap   total 288768K, used 234984K [0x0000000740000000, 0x0000000800000000)
  region size 2048K, 1 young (2048K), 1 survivors (2048K)
 Metaspace       used 75445K, committed 76224K, reserved 1179648K
  class space    used 10547K, committed 10880K, reserved 1048576K
GC Heap History (20 events):
Event: 14.184 GC heap after
{Heap after GC invocations=37 (full 0):
 garbage-first heap   total 198656K, used 92066K [0x0000000740000000, 0x0000000800000000)
  region size 2048K, 3 young (6144K), 3 survivors (6144K)
 Metaspace       used 66433K, committed 67072K, reserved 1114112K
  class space    used 9216K, committed 9536K, reserved 1048576K
}
Event: 14.425 GC heap before
{Heap before GC invocations=38 (full 0):
 garbage-first heap   total 202752K, used 139170K [0x0000000740000000, 0x0000000800000000)
  region size 2048K, 4 young (8192K), 3 survivors (6144K)
 Metaspace       used 66436K, committed 67072K, reserved 1114112K
  class space    used 9216K, committed 9536K, reserved 1048576K
}
Event: 14.431 GC heap after
{Heap after GC invocations=39 (full 0):
 garbage-first heap   total 202752K, used 91987K [0x0000000740000000, 0x0000000800000000)
  region size 2048K, 3 young (6144K), 3 survivors (6144K)
 Metaspace       used 66436K, committed 67072K, reserved 1114112K
  class space    used 9216K, committed 9536K, reserved 1048576K
}
Event: 15.167 GC heap before
{Heap before GC invocations=39 (full 0):
 garbage-first heap   total 202752K, used 108371K [0x0000000740000000, 0x0000000800000000)
  region size 2048K, 9 young (18432K), 3 survivors (6144K)
 Metaspace       used 67401K, committed 68096K, reserved 1114112K
  class space    used 9360K, committed 9664K, reserved 1048576K
}
Event: 15.172 GC heap after
{Heap after GC invocations=40 (full 0):
 garbage-first heap   total 202752K, used 92579K [0x0000000740000000, 0x0000000800000000)
  region size 2048K, 3 young (6144K), 3 survivors (6144K)
 Metaspace       used 67401K, committed 68096K, reserved 1114112K
  class space    used 9360K, committed 9664K, reserved 1048576K
}
Event: 15.280 GC heap before
{Heap before GC invocations=40 (full 0):
 garbage-first heap   total 202752K, used 98723K [0x0000000740000000, 0x0000000800000000)
  region size 2048K, 6 young (12288K), 3 survivors (6144K)
 Metaspace       used 68060K, committed 68736K, reserved 1114112K
  class space    used 9434K, committed 9728K, reserved 1048576K
}
Event: 15.284 GC heap after
{Heap after GC invocations=41 (full 0):
 garbage-first heap   total 202752K, used 95108K [0x0000000740000000, 0x0000000800000000)
  region size 2048K, 3 young (6144K), 3 survivors (6144K)
 Metaspace       used 68060K, committed 68736K, reserved 1114112K
  class space    used 9434K, committed 9728K, reserved 1048576K
}
Event: 16.523 GC heap before
{Heap before GC invocations=42 (full 0):
 garbage-first heap   total 202752K, used 174980K [0x0000000740000000, 0x0000000800000000)
  region size 2048K, 36 young (73728K), 3 survivors (6144K)
 Metaspace       used 73684K, committed 74496K, reserved 1114112K
  class space    used 10319K, committed 10688K, reserved 1048576K
}
Event: 16.532 GC heap after
{Heap after GC invocations=43 (full 0):
 garbage-first heap   total 202752K, used 112818K [0x0000000740000000, 0x0000000800000000)
  region size 2048K, 5 young (10240K), 5 survivors (10240K)
 Metaspace       used 73684K, committed 74496K, reserved 1114112K
  class space    used 10319K, committed 10688K, reserved 1048576K
}
Event: 16.769 GC heap before
{Heap before GC invocations=43 (full 0):
 garbage-first heap   total 202752K, used 129202K [0x0000000740000000, 0x0000000800000000)
  region size 2048K, 14 young (28672K), 5 survivors (10240K)
 Metaspace       used 75103K, committed 75840K, reserved 1114112K
  class space    used 10524K, committed 10880K, reserved 1048576K
}
Event: 16.777 GC heap after
{Heap after GC invocations=44 (full 0):
 garbage-first heap   total 202752K, used 114645K [0x0000000740000000, 0x0000000800000000)
  region size 2048K, 1 young (2048K), 1 survivors (2048K)
 Metaspace       used 75103K, committed 75840K, reserved 1114112K
  class space    used 10524K, committed 10880K, reserved 1048576K
}
Event: 17.108 GC heap before
{Heap before GC invocations=45 (full 0):
 garbage-first heap   total 229376K, used 198613K [0x0000000740000000, 0x0000000800000000)
  region size 2048K, 27 young (55296K), 1 survivors (2048K)
 Metaspace       used 75324K, committed 76096K, reserved 1114112K
  class space    used 10535K, committed 10880K, reserved 1048576K
}
Event: 17.138 GC heap after
{Heap after GC invocations=46 (full 0):
 garbage-first heap   total 288768K, used 155587K [0x0000000740000000, 0x0000000800000000)
  region size 2048K, 4 young (8192K), 4 survivors (8192K)
 Metaspace       used 75324K, committed 76096K, reserved 1114112K
  class space    used 10535K, committed 10880K, reserved 1048576K
}
Event: 17.284 GC heap before
{Heap before GC invocations=46 (full 0):
 garbage-first heap   total 288768K, used 210883K [0x0000000740000000, 0x0000000800000000)
  region size 2048K, 31 young (63488K), 4 survivors (8192K)
 Metaspace       used 75330K, committed 76096K, reserved 1114112K
  class space    used 10535K, committed 10880K, reserved 1048576K
}
Event: 17.316 GC heap after
{Heap after GC invocations=47 (full 0):
 garbage-first heap   total 288768K, used 191976K [0x0000000740000000, 0x0000000800000000)
  region size 2048K, 4 young (8192K), 4 survivors (8192K)
 Metaspace       used 75330K, committed 76096K, reserved 1114112K
  class space    used 10535K, committed 10880K, reserved 1048576K
}
Event: 17.376 GC heap before
{Heap before GC invocations=47 (full 0):
 garbage-first heap   total 288768K, used 220648K [0x0000000740000000, 0x0000000800000000)
  region size 2048K, 18 young (36864K), 4 survivors (8192K)
 Metaspace       used 75330K, committed 76096K, reserved 1114112K
  class space    used 10535K, committed 10880K, reserved 1048576K
}
Event: 17.401 GC heap after
{Heap after GC invocations=48 (full 0):
 garbage-first heap   total 288768K, used 212456K [0x0000000740000000, 0x0000000800000000)
  region size 2048K, 3 young (6144K), 3 survivors (6144K)
 Metaspace       used 75330K, committed 76096K, reserved 1114112K
  class space    used 10535K, committed 10880K, reserved 1048576K
}
Event: 17.477 GC heap before
{Heap before GC invocations=48 (full 0):
 garbage-first heap   total 288768K, used 230888K [0x0000000740000000, 0x0000000800000000)
  region size 2048K, 12 young (24576K), 3 survivors (6144K)
 Metaspace       used 75442K, committed 76224K, reserved 1179648K
  class space    used 10546K, committed 10880K, reserved 1048576K
}
Event: 17.494 GC heap after
{Heap after GC invocations=49 (full 0):
 garbage-first heap   total 288768K, used 226792K [0x0000000740000000, 0x0000000800000000)
  region size 2048K, 2 young (4096K), 2 survivors (4096K)
 Metaspace       used 75442K, committed 76224K, reserved 1179648K
  class space    used 10546K, committed 10880K, reserved 1048576K
}
Event: 17.539 GC heap before
{Heap before GC invocations=49 (full 0):
 garbage-first heap   total 288768K, used 237032K [0x0000000740000000, 0x0000000800000000)
  region size 2048K, 7 young (14336K), 2 survivors (4096K)
 Metaspace       used 75445K, committed 76224K, reserved 1179648K
  class space    used 10547K, committed 10880K, reserved 1048576K
}

