# JRE version: OpenJDK Runtime Environment Temurin-17.0.13+11 (17.0.13+11) (build 17.0.13+11)
# Java VM: OpenJDK 64-Bit Server VM Temurin-17.0.13+11 (17.0.13+11, mixed mode, sharing, tiered, compressed oops, compressed class ptrs, g1 gc, windows-amd64)
GC Precious Log:
 CPUs: 4 total, 4 available
 Memory: 7932M
 Large Page Support: Disabled
 NUMA Support: Disabled
 Compressed Oops: Enabled (Zero based)
 Heap Region Size: 2M
 Heap Min Capacity: 8M
 Heap Initial Capacity: 124M
 Heap Max Capacity: 3G
 Pre-touch: Disabled
 Parallel Workers: 4
 Concurrent Workers: 1
 Concurrent Refinement Workers: 4
 Periodic GC: Disabled
Heap:
 garbage-first heap   total 380928K, used 243193K [0x0000000740000000, 0x0000000800000000)
  region size 2048K, 5 young (10240K), 5 survivors (10240K)
 Metaspace       used 65307K, committed 65920K, reserved 1114112K
  class space    used 9113K, committed 9408K, reserved 1048576K
GC Heap History (20 events):
Event: 24.408 GC heap after
{Heap after GC invocations=22 (full 0):
 garbage-first heap   total 112640K, used 55786K [0x0000000740000000, 0x0000000800000000)
  region size 2048K, 2 young (4096K), 2 survivors (4096K)
 Metaspace       used 60538K, committed 61184K, reserved 1114112K
  class space    used 8417K, committed 8704K, reserved 1048576K
}
Event: 24.626 GC heap before
{Heap before GC invocations=23 (full 0):
 garbage-first heap   total 116736K, used 68074K [0x0000000740000000, 0x0000000800000000)
  region size 2048K, 7 young (14336K), 2 survivors (4096K)
 Metaspace       used 61825K, committed 62400K, reserved 1114112K
  class space    used 8548K, committed 8832K, reserved 1048576K
}
Event: 24.630 GC heap after
{Heap after GC invocations=24 (full 0):
 garbage-first heap   total 116736K, used 56105K [0x0000000740000000, 0x0000000800000000)
  region size 2048K, 2 young (4096K), 2 survivors (4096K)
 Metaspace       used 61825K, committed 62400K, reserved 1114112K
  class space    used 8548K, committed 8832K, reserved 1048576K
}
Event: 25.036 GC heap before
{Heap before GC invocations=25 (full 0):
 garbage-first heap   total 141312K, used 88873K [0x0000000740000000, 0x0000000800000000)
  region size 2048K, 8 young (16384K), 2 survivors (4096K)
 Metaspace       used 62119K, committed 62720K, reserved 1114112K
  class space    used 8565K, committed 8832K, reserved 1048576K
}
Event: 25.042 GC heap after
{Heap after GC invocations=26 (full 0):
 garbage-first heap   total 141312K, used 57432K [0x0000000740000000, 0x0000000800000000)
  region size 2048K, 3 young (6144K), 3 survivors (6144K)
 Metaspace       used 62119K, committed 62720K, reserved 1114112K
  class space    used 8565K, committed 8832K, reserved 1048576K
}
Event: 25.099 GC heap before
{Heap before GC invocations=26 (full 0):
 garbage-first heap   total 141312K, used 79960K [0x0000000740000000, 0x0000000800000000)
  region size 2048K, 4 young (8192K), 3 survivors (6144K)
 Metaspace       used 62120K, committed 62720K, reserved 1114112K
  class space    used 8565K, committed 8832K, reserved 1048576K
}
Event: 25.106 GC heap after
{Heap after GC invocations=27 (full 0):
 garbage-first heap   total 141312K, used 57482K [0x0000000740000000, 0x0000000800000000)
  region size 2048K, 3 young (6144K), 3 survivors (6144K)
 Metaspace       used 62120K, committed 62720K, reserved 1114112K
  class space    used 8565K, committed 8832K, reserved 1048576K
}
Event: 25.112 GC heap before
{Heap before GC invocations=27 (full 0):
 garbage-first heap   total 141312K, used 59530K [0x0000000740000000, 0x0000000800000000)
  region size 2048K, 4 young (8192K), 3 survivors (6144K)
 Metaspace       used 62120K, committed 62720K, reserved 1114112K
  class space    used 8565K, committed 8832K, reserved 1048576K
}
Event: 25.117 GC heap after
{Heap after GC invocations=28 (full 0):
 garbage-first heap   total 141312K, used 57491K [0x0000000740000000, 0x0000000800000000)
  region size 2048K, 3 young (6144K), 3 survivors (6144K)
 Metaspace       used 62120K, committed 62720K, reserved 1114112K
  class space    used 8565K, committed 8832K, reserved 1048576K
}
Event: 25.167 GC heap before
{Heap before GC invocations=28 (full 0):
 garbage-first heap   total 141312K, used 80019K [0x0000000740000000, 0x0000000800000000)
  region size 2048K, 4 young (8192K), 3 survivors (6144K)
 Metaspace       used 62123K, committed 62720K, reserved 1114112K
  class space    used 8566K, committed 8832K, reserved 1048576K
}
Event: 25.173 GC heap after
{Heap after GC invocations=29 (full 0):
 garbage-first heap   total 141312K, used 57491K [0x0000000740000000, 0x0000000800000000)
  region size 2048K, 3 young (6144K), 3 survivors (6144K)
 Metaspace       used 62123K, committed 62720K, reserved 1114112K
  class space    used 8566K, committed 8832K, reserved 1048576K
}
Event: 26.713 GC heap before
{Heap before GC invocations=29 (full 0):
 garbage-first heap   total 141312K, used 118931K [0x0000000740000000, 0x0000000800000000)
  region size 2048K, 31 young (63488K), 3 survivors (6144K)
 Metaspace       used 65154K, committed 65792K, reserved 1114112K
  class space    used 9100K, committed 9408K, reserved 1048576K
}
Event: 26.751 GC heap after
{Heap after GC invocations=30 (full 0):
 garbage-first heap   total 323584K, used 76815K [0x0000000740000000, 0x0000000800000000)
  region size 2048K, 4 young (8192K), 4 survivors (8192K)
 Metaspace       used 65154K, committed 65792K, reserved 1114112K
  class space    used 9100K, committed 9408K, reserved 1048576K
}
Event: 28.596 GC heap before
{Heap before GC invocations=30 (full 0):
 garbage-first heap   total 323584K, used 257039K [0x0000000740000000, 0x0000000800000000)
  region size 2048K, 88 young (180224K), 4 survivors (8192K)
 Metaspace       used 65300K, committed 65920K, reserved 1114112K
  class space    used 9113K, committed 9408K, reserved 1048576K
}
Event: 28.780 GC heap after
{Heap after GC invocations=31 (full 0):
 garbage-first heap   total 380928K, used 191013K [0x0000000740000000, 0x0000000800000000)
  region size 2048K, 11 young (22528K), 11 survivors (22528K)
 Metaspace       used 65300K, committed 65920K, reserved 1114112K
  class space    used 9113K, committed 9408K, reserved 1048576K
}
Event: 29.019 GC heap before
{Heap before GC invocations=31 (full 0):
 garbage-first heap   total 380928K, used 260645K [0x0000000740000000, 0x0000000800000000)
  region size 2048K, 45 young (92160K), 11 survivors (22528K)
 Metaspace       used 65303K, committed 65920K, reserved 1114112K
  class space    used 9113K, committed 9408K, reserved 1048576K
}
Event: 29.077 GC heap after
{Heap after GC invocations=32 (full 0):
 garbage-first heap   total 380928K, used 211449K [0x0000000740000000, 0x0000000800000000)
  region size 2048K, 6 young (12288K), 6 survivors (12288K)
 Metaspace       used 65303K, committed 65920K, reserved 1114112K
  class space    used 9113K, committed 9408K, reserved 1048576K
}
Event: 29.210 GC heap before
{Heap before GC invocations=32 (full 0):
 garbage-first heap   total 380928K, used 276985K [0x0000000740000000, 0x0000000800000000)
  region size 2048K, 38 young (77824K), 6 survivors (12288K)
 Metaspace       used 65307K, committed 65920K, reserved 1114112K
  class space    used 9113K, committed 9408K, reserved 1048576K
}
Event: 29.231 GC heap after
{Heap after GC invocations=33 (full 0):
 garbage-first heap   total 380928K, used 226809K [0x0000000740000000, 0x0000000800000000)
  region size 2048K, 5 young (10240K), 5 survivors (10240K)
 Metaspace       used 65307K, committed 65920K, reserved 1114112K
  class space    used 9113K, committed 9408K, reserved 1048576K
}
Event: 29.350 GC heap before
{Heap before GC invocations=33 (full 0):
 garbage-first heap   total 380928K, used 288249K [0x0000000740000000, 0x0000000800000000)
  region size 2048K, 35 young (71680K), 5 survivors (10240K)
 Metaspace       used 65307K, committed 65920K, reserved 1114112K
  class space    used 9113K, committed 9408K, reserved 1048576K
}

