# JRE version: OpenJDK Runtime Environment Temurin-17.0.13+11 (17.0.13+11) (build 17.0.13+11)
# Java VM: OpenJDK 64-Bit Server VM Temurin-17.0.13+11 (17.0.13+11, mixed mode, sharing, tiered, compressed oops, compressed class ptrs, g1 gc, windows-amd64)
GC Precious Log:
 CPUs: 4 total, 4 available
 Memory: 7932M
 Large Page Support: Disabled
 NUMA Support: Disabled
 Compressed Oops: Enabled (Zero based)
 Heap Region Size: 2M
 Heap Min Capacity: 8M
 Heap Initial Capacity: 124M
 Heap Max Capacity: 3G
 Pre-touch: Disabled
 Parallel Workers: 4
 Concurrent Workers: 1
 Concurrent Refinement Workers: 4
 Periodic GC: Disabled
Heap:
 garbage-first heap   total 245760K, used 89869K [0x0000000740000000, 0x0000000800000000)
  region size 2048K, 2 young (4096K), 2 survivors (4096K)
 Metaspace       used 66438K, committed 67136K, reserved 1114112K
  class space    used 9206K, committed 9536K, reserved 1048576K
GC Heap History (20 events):
Event: 6.815 GC heap after
{Heap after GC invocations=13 (full 0):
 garbage-first heap   total 126976K, used 58496K [0x0000000740000000, 0x0000000800000000)
  region size 2048K, 2 young (4096K), 2 survivors (4096K)
 Metaspace       used 40427K, committed 40960K, reserved 1114112K
  class space    used 5744K, committed 6016K, reserved 1048576K
}
Event: 6.867 GC heap before
{Heap before GC invocations=13 (full 0):
 garbage-first heap   total 126976K, used 62592K [0x0000000740000000, 0x0000000800000000)
  region size 2048K, 5 young (10240K), 2 survivors (4096K)
 Metaspace       used 40565K, committed 41088K, reserved 1114112K
  class space    used 5768K, committed 6016K, reserved 1048576K
}
Event: 6.870 GC heap after
{Heap after GC invocations=14 (full 0):
 garbage-first heap   total 126976K, used 59679K [0x0000000740000000, 0x0000000800000000)
  region size 2048K, 1 young (2048K), 1 survivors (2048K)
 Metaspace       used 40565K, committed 41088K, reserved 1114112K
  class space    used 5768K, committed 6016K, reserved 1048576K
}
Event: 7.402 GC heap before
{Heap before GC invocations=15 (full 0):
 garbage-first heap   total 126976K, used 100639K [0x0000000740000000, 0x0000000800000000)
  region size 2048K, 19 young (38912K), 1 survivors (2048K)
 Metaspace       used 43240K, committed 43712K, reserved 1114112K
  class space    used 6040K, committed 6272K, reserved 1048576K
}
Event: 7.409 GC heap after
{Heap after GC invocations=16 (full 0):
 garbage-first heap   total 126976K, used 68816K [0x0000000740000000, 0x0000000800000000)
  region size 2048K, 2 young (4096K), 2 survivors (4096K)
 Metaspace       used 43240K, committed 43712K, reserved 1114112K
  class space    used 6040K, committed 6272K, reserved 1048576K
}
Event: 7.437 GC heap before
{Heap before GC invocations=16 (full 0):
 garbage-first heap   total 126976K, used 70864K [0x0000000740000000, 0x0000000800000000)
  region size 2048K, 3 young (6144K), 2 survivors (4096K)
 Metaspace       used 43461K, committed 43968K, reserved 1114112K
  class space    used 6066K, committed 6336K, reserved 1048576K
}
Event: 7.443 GC heap after
{Heap after GC invocations=17 (full 0):
 garbage-first heap   total 126976K, used 68551K [0x0000000740000000, 0x0000000800000000)
  region size 2048K, 1 young (2048K), 1 survivors (2048K)
 Metaspace       used 43461K, committed 43968K, reserved 1114112K
  class space    used 6066K, committed 6336K, reserved 1048576K
}
Event: 7.795 GC heap before
{Heap before GC invocations=17 (full 0):
 garbage-first heap   total 126976K, used 97223K [0x0000000740000000, 0x0000000800000000)
  region size 2048K, 15 young (30720K), 1 survivors (2048K)
 Metaspace       used 46118K, committed 46656K, reserved 1114112K
  class space    used 6503K, committed 6784K, reserved 1048576K
}
Event: 7.800 GC heap after
{Heap after GC invocations=18 (full 0):
 garbage-first heap   total 245760K, used 69736K [0x0000000740000000, 0x0000000800000000)
  region size 2048K, 1 young (2048K), 1 survivors (2048K)
 Metaspace       used 46118K, committed 46656K, reserved 1114112K
  class space    used 6503K, committed 6784K, reserved 1048576K
}
Event: 10.220 GC heap before
{Heap before GC invocations=19 (full 0):
 garbage-first heap   total 245760K, used 178280K [0x0000000740000000, 0x0000000800000000)
  region size 2048K, 54 young (110592K), 1 survivors (2048K)
 Metaspace       used 57444K, committed 58048K, reserved 1114112K
  class space    used 7933K, committed 8192K, reserved 1048576K
}
Event: 10.231 GC heap after
{Heap after GC invocations=20 (full 0):
 garbage-first heap   total 245760K, used 77000K [0x0000000740000000, 0x0000000800000000)
  region size 2048K, 5 young (10240K), 5 survivors (10240K)
 Metaspace       used 57444K, committed 58048K, reserved 1114112K
  class space    used 7933K, committed 8192K, reserved 1048576K
}
Event: 10.257 GC heap before
{Heap before GC invocations=20 (full 0):
 garbage-first heap   total 245760K, used 79048K [0x0000000740000000, 0x0000000800000000)
  region size 2048K, 6 young (12288K), 5 survivors (10240K)
 Metaspace       used 57602K, committed 58240K, reserved 1114112K
  class space    used 7960K, committed 8256K, reserved 1048576K
}
Event: 10.263 GC heap after
{Heap after GC invocations=21 (full 0):
 garbage-first heap   total 245760K, used 78225K [0x0000000740000000, 0x0000000800000000)
  region size 2048K, 1 young (2048K), 1 survivors (2048K)
 Metaspace       used 57602K, committed 58240K, reserved 1114112K
  class space    used 7960K, committed 8256K, reserved 1048576K
}
Event: 11.162 GC heap before
{Heap before GC invocations=21 (full 0):
 garbage-first heap   total 245760K, used 190865K [0x0000000740000000, 0x0000000800000000)
  region size 2048K, 55 young (112640K), 1 survivors (2048K)
 Metaspace       used 63973K, committed 64704K, reserved 1114112K
  class space    used 8935K, committed 9280K, reserved 1048576K
}
Event: 11.174 GC heap after
{Heap after GC invocations=22 (full 0):
 garbage-first heap   total 245760K, used 87528K [0x0000000740000000, 0x0000000800000000)
  region size 2048K, 5 young (10240K), 5 survivors (10240K)
 Metaspace       used 63973K, committed 64704K, reserved 1114112K
  class space    used 8935K, committed 9280K, reserved 1048576K
}
Event: 11.472 GC heap before
{Heap before GC invocations=22 (full 0):
 garbage-first heap   total 245760K, used 124392K [0x0000000740000000, 0x0000000800000000)
  region size 2048K, 15 young (30720K), 5 survivors (10240K)
 Metaspace       used 66149K, committed 66816K, reserved 1114112K
  class space    used 9186K, committed 9536K, reserved 1048576K
}
Event: 11.482 GC heap after
{Heap after GC invocations=23 (full 0):
 garbage-first heap   total 245760K, used 89373K [0x0000000740000000, 0x0000000800000000)
  region size 2048K, 1 young (2048K), 1 survivors (2048K)
 Metaspace       used 66149K, committed 66816K, reserved 1114112K
  class space    used 9186K, committed 9536K, reserved 1048576K
}
Event: 11.717 GC heap before
{Heap before GC invocations=23 (full 0):
 garbage-first heap   total 245760K, used 122141K [0x0000000740000000, 0x0000000800000000)
  region size 2048K, 7 young (14336K), 1 survivors (2048K)
 Metaspace       used 66411K, committed 67136K, reserved 1114112K
  class space    used 9206K, committed 9536K, reserved 1048576K
}
Event: 11.721 GC heap after
{Heap after GC invocations=24 (full 0):
 garbage-first heap   total 245760K, used 90010K [0x0000000740000000, 0x0000000800000000)
  region size 2048K, 2 young (4096K), 2 survivors (4096K)
 Metaspace       used 66411K, committed 67136K, reserved 1114112K
  class space    used 9206K, committed 9536K, reserved 1048576K
}
Event: 11.769 GC heap before
{Heap before GC invocations=24 (full 0):
 garbage-first heap   total 245760K, used 116634K [0x0000000740000000, 0x0000000800000000)
  region size 2048K, 4 young (8192K), 2 survivors (4096K)
 Metaspace       used 66438K, committed 67136K, reserved 1114112K
  class space    used 9206K, committed 9536K, reserved 1048576K
}

