# JRE version: OpenJDK Runtime Environment Temurin-17.0.13+11 (17.0.13+11) (build 17.0.13+11)
# Java VM: OpenJDK 64-Bit Server VM Temurin-17.0.13+11 (17.0.13+11, mixed mode, sharing, tiered, compressed oops, compressed class ptrs, g1 gc, windows-amd64)
GC Precious Log:
 CPUs: 4 total, 4 available
 Memory: 7932M
 Large Page Support: Disabled
 NUMA Support: Disabled
 Compressed Oops: Enabled (Zero based)
 Heap Region Size: 2M
 Heap Min Capacity: 8M
 Heap Initial Capacity: 124M
 Heap Max Capacity: 3G
 Pre-touch: Disabled
 Parallel Workers: 4
 Concurrent Workers: 1
 Concurrent Refinement Workers: 4
 Periodic GC: Disabled
Heap:
 garbage-first heap   total 108544K, used 43889K [0x0000000740000000, 0x0000000800000000)
  region size 2048K, 2 young (4096K), 2 survivors (4096K)
 Metaspace       used 51079K, committed 51584K, reserved 1114112K
  class space    used 7234K, committed 7488K, reserved 1048576K
GC Heap History (20 events):
Event: 13.877 GC heap after
{Heap after GC invocations=5 (full 0):
 garbage-first heap   total 126976K, used 24204K [0x0000000740000000, 0x0000000800000000)
  region size 2048K, 4 young (8192K), 4 survivors (8192K)
 Metaspace       used 21167K, committed 21504K, reserved 1114112K
  class space    used 3118K, committed 3328K, reserved 1048576K
}
Event: 14.997 GC heap before
{Heap before GC invocations=6 (full 0):
 garbage-first heap   total 90112K, used 69260K [0x0000000740000000, 0x0000000800000000)
  region size 2048K, 26 young (53248K), 4 survivors (8192K)
 Metaspace       used 26678K, committed 27008K, reserved 1114112K
  class space    used 4000K, committed 4160K, reserved 1048576K
}
Event: 15.013 GC heap after
{Heap after GC invocations=7 (full 0):
 garbage-first heap   total 90112K, used 26457K [0x0000000740000000, 0x0000000800000000)
  region size 2048K, 3 young (6144K), 3 survivors (6144K)
 Metaspace       used 26678K, committed 27008K, reserved 1114112K
  class space    used 4000K, committed 4160K, reserved 1048576K
}
Event: 16.059 GC heap before
{Heap before GC invocations=7 (full 0):
 garbage-first heap   total 90112K, used 65369K [0x0000000740000000, 0x0000000800000000)
  region size 2048K, 23 young (47104K), 3 survivors (6144K)
 Metaspace       used 32630K, committed 33024K, reserved 1114112K
  class space    used 4655K, committed 4864K, reserved 1048576K
}
Event: 16.070 GC heap after
{Heap after GC invocations=8 (full 0):
 garbage-first heap   total 90112K, used 30821K [0x0000000740000000, 0x0000000800000000)
  region size 2048K, 3 young (6144K), 3 survivors (6144K)
 Metaspace       used 32630K, committed 33024K, reserved 1114112K
  class space    used 4655K, committed 4864K, reserved 1048576K
}
Event: 16.773 GC heap before
{Heap before GC invocations=8 (full 0):
 garbage-first heap   total 90112K, used 63589K [0x0000000740000000, 0x0000000800000000)
  region size 2048K, 18 young (36864K), 3 survivors (6144K)
 Metaspace       used 35562K, committed 35968K, reserved 1114112K
  class space    used 4955K, committed 5184K, reserved 1048576K
}
Event: 16.784 GC heap after
{Heap after GC invocations=9 (full 0):
 garbage-first heap   total 90112K, used 33147K [0x0000000740000000, 0x0000000800000000)
  region size 2048K, 2 young (4096K), 2 survivors (4096K)
 Metaspace       used 35562K, committed 35968K, reserved 1114112K
  class space    used 4955K, committed 5184K, reserved 1048576K
}
Event: 17.628 GC heap before
{Heap before GC invocations=10 (full 0):
 garbage-first heap   total 90112K, used 67963K [0x0000000740000000, 0x0000000800000000)
  region size 2048K, 19 young (38912K), 2 survivors (4096K)
 Metaspace       used 39022K, committed 39488K, reserved 1114112K
  class space    used 5545K, committed 5760K, reserved 1048576K
}
Event: 17.633 GC heap after
{Heap after GC invocations=11 (full 0):
 garbage-first heap   total 90112K, used 34897K [0x0000000740000000, 0x0000000800000000)
  region size 2048K, 3 young (6144K), 3 survivors (6144K)
 Metaspace       used 39022K, committed 39488K, reserved 1114112K
  class space    used 5545K, committed 5760K, reserved 1048576K
}
Event: 17.988 GC heap before
{Heap before GC invocations=11 (full 0):
 garbage-first heap   total 90112K, used 67665K [0x0000000740000000, 0x0000000800000000)
  region size 2048K, 19 young (38912K), 3 survivors (6144K)
 Metaspace       used 41917K, committed 42368K, reserved 1114112K
  class space    used 6034K, committed 6272K, reserved 1048576K
}
Event: 17.995 GC heap after
{Heap after GC invocations=12 (full 0):
 garbage-first heap   total 90112K, used 36504K [0x0000000740000000, 0x0000000800000000)
  region size 2048K, 2 young (4096K), 2 survivors (4096K)
 Metaspace       used 41917K, committed 42368K, reserved 1114112K
  class space    used 6034K, committed 6272K, reserved 1048576K
}
Event: 18.611 GC heap before
{Heap before GC invocations=12 (full 0):
 garbage-first heap   total 90112K, used 69272K [0x0000000740000000, 0x0000000800000000)
  region size 2048K, 18 young (36864K), 2 survivors (4096K)
 Metaspace       used 45180K, committed 45632K, reserved 1114112K
  class space    used 6437K, committed 6656K, reserved 1048576K
}
Event: 18.619 GC heap after
{Heap after GC invocations=13 (full 0):
 garbage-first heap   total 108544K, used 39389K [0x0000000740000000, 0x0000000800000000)
  region size 2048K, 3 young (6144K), 3 survivors (6144K)
 Metaspace       used 45180K, committed 45632K, reserved 1114112K
  class space    used 6437K, committed 6656K, reserved 1048576K
}
Event: 19.506 GC heap before
{Heap before GC invocations=13 (full 0):
 garbage-first heap   total 108544K, used 82397K [0x0000000740000000, 0x0000000800000000)
  region size 2048K, 24 young (49152K), 3 survivors (6144K)
 Metaspace       used 49360K, committed 49856K, reserved 1114112K
  class space    used 7116K, committed 7360K, reserved 1048576K
}
Event: 19.518 GC heap after
{Heap after GC invocations=14 (full 0):
 garbage-first heap   total 108544K, used 41423K [0x0000000740000000, 0x0000000800000000)
  region size 2048K, 3 young (6144K), 3 survivors (6144K)
 Metaspace       used 49360K, committed 49856K, reserved 1114112K
  class space    used 7116K, committed 7360K, reserved 1048576K
}
Event: 19.836 GC heap before
{Heap before GC invocations=14 (full 0):
 garbage-first heap   total 108544K, used 82383K [0x0000000740000000, 0x0000000800000000)
  region size 2048K, 24 young (49152K), 3 survivors (6144K)
 Metaspace       used 50914K, committed 51392K, reserved 1114112K
  class space    used 7219K, committed 7424K, reserved 1048576K
}
Event: 19.846 GC heap after
{Heap after GC invocations=15 (full 0):
 garbage-first heap   total 108544K, used 42882K [0x0000000740000000, 0x0000000800000000)
  region size 2048K, 2 young (4096K), 2 survivors (4096K)
 Metaspace       used 50914K, committed 51392K, reserved 1114112K
  class space    used 7219K, committed 7424K, reserved 1048576K
}
Event: 20.090 GC heap before
{Heap before GC invocations=15 (full 0):
 garbage-first heap   total 108544K, used 85890K [0x0000000740000000, 0x0000000800000000)
  region size 2048K, 23 young (47104K), 2 survivors (4096K)
 Metaspace       used 50926K, committed 51392K, reserved 1114112K
  class space    used 7219K, committed 7424K, reserved 1048576K
}
Event: 20.095 GC heap after
{Heap after GC invocations=16 (full 0):
 garbage-first heap   total 108544K, used 43504K [0x0000000740000000, 0x0000000800000000)
  region size 2048K, 1 young (2048K), 1 survivors (2048K)
 Metaspace       used 50926K, committed 51392K, reserved 1114112K
  class space    used 7219K, committed 7424K, reserved 1048576K
}
Event: 20.323 GC heap before
{Heap before GC invocations=16 (full 0):
 garbage-first heap   total 108544K, used 88560K [0x0000000740000000, 0x0000000800000000)
  region size 2048K, 23 young (47104K), 1 survivors (2048K)
 Metaspace       used 51079K, committed 51584K, reserved 1114112K
  class space    used 7234K, committed 7488K, reserved 1048576K
}

