# JRE version: OpenJDK Runtime Environment Temurin-17.0.13+11 (17.0.13+11) (build 17.0.13+11)
# Java VM: OpenJDK 64-Bit Server VM Temurin-17.0.13+11 (17.0.13+11, mixed mode, sharing, tiered, compressed oops, compressed class ptrs, g1 gc, windows-amd64)
GC Precious Log:
 CPUs: 4 total, 4 available
 Memory: 7932M
 Large Page Support: Disabled
 NUMA Support: Disabled
 Compressed Oops: Enabled (Zero based)
 Heap Region Size: 2M
 Heap Min Capacity: 8M
 Heap Initial Capacity: 124M
 Heap Max Capacity: 3G
 Pre-touch: Disabled
 Parallel Workers: 4
 Concurrent Workers: 1
 Concurrent Refinement Workers: 4
 Periodic GC: Disabled
Heap:
 garbage-first heap   total 227328K, used 96410K [0x0000000740000000, 0x0000000800000000)
  region size 2048K, 2 young (4096K), 2 survivors (4096K)
 Metaspace       used 74048K, committed 74816K, reserved 1114112K
  class space    used 10291K, committed 10624K, reserved 1048576K
GC Heap History (20 events):
Event: 19.811 GC heap after
{Heap after GC invocations=20 (full 0):
 garbage-first heap   total 157696K, used 82492K [0x0000000740000000, 0x0000000800000000)
  region size 2048K, 2 young (4096K), 2 survivors (4096K)
 Metaspace       used 65639K, committed 66240K, reserved 1114112K
  class space    used 9047K, committed 9344K, reserved 1048576K
}
Event: 21.209 GC heap before
{Heap before GC invocations=20 (full 0):
 garbage-first heap   total 157696K, used 102972K [0x0000000740000000, 0x0000000800000000)
  region size 2048K, 14 young (28672K), 2 survivors (4096K)
 Metaspace       used 67421K, committed 68096K, reserved 1114112K
  class space    used 9298K, committed 9600K, reserved 1048576K
}
Event: 21.227 GC heap after
{Heap after GC invocations=21 (full 0):
 garbage-first heap   total 157696K, used 84101K [0x0000000740000000, 0x0000000800000000)
  region size 2048K, 3 young (6144K), 3 survivors (6144K)
 Metaspace       used 67421K, committed 68096K, reserved 1114112K
  class space    used 9298K, committed 9600K, reserved 1048576K
}
Event: 22.399 GC heap before
{Heap before GC invocations=22 (full 0):
 garbage-first heap   total 157696K, used 131205K [0x0000000740000000, 0x0000000800000000)
  region size 2048K, 25 young (51200K), 3 survivors (6144K)
 Metaspace       used 70760K, committed 71424K, reserved 1114112K
  class space    used 9835K, committed 10176K, reserved 1048576K
}
Event: 22.408 GC heap after
{Heap after GC invocations=23 (full 0):
 garbage-first heap   total 157696K, used 89185K [0x0000000740000000, 0x0000000800000000)
  region size 2048K, 3 young (6144K), 3 survivors (6144K)
 Metaspace       used 70760K, committed 71424K, reserved 1114112K
  class space    used 9835K, committed 10176K, reserved 1048576K
}
Event: 22.845 GC heap before
{Heap before GC invocations=23 (full 0):
 garbage-first heap   total 157696K, used 130145K [0x0000000740000000, 0x0000000800000000)
  region size 2048K, 23 young (47104K), 3 survivors (6144K)
 Metaspace       used 71548K, committed 72256K, reserved 1114112K
  class space    used 9969K, committed 10304K, reserved 1048576K
}
Event: 22.857 GC heap after
{Heap after GC invocations=24 (full 0):
 garbage-first heap   total 157696K, used 92444K [0x0000000740000000, 0x0000000800000000)
  region size 2048K, 3 young (6144K), 3 survivors (6144K)
 Metaspace       used 71548K, committed 72256K, reserved 1114112K
  class space    used 9969K, committed 10304K, reserved 1048576K
}
Event: 23.344 GC heap before
{Heap before GC invocations=25 (full 0):
 garbage-first heap   total 174080K, used 117020K [0x0000000740000000, 0x0000000800000000)
  region size 2048K, 16 young (32768K), 3 survivors (6144K)
 Metaspace       used 73004K, committed 73664K, reserved 1114112K
  class space    used 10193K, committed 10496K, reserved 1048576K
}
Event: 23.352 GC heap after
{Heap after GC invocations=26 (full 0):
 garbage-first heap   total 174080K, used 94637K [0x0000000740000000, 0x0000000800000000)
  region size 2048K, 2 young (4096K), 2 survivors (4096K)
 Metaspace       used 73004K, committed 73664K, reserved 1114112K
  class space    used 10193K, committed 10496K, reserved 1048576K
}
Event: 23.577 GC heap before
{Heap before GC invocations=27 (full 0):
 garbage-first heap   total 188416K, used 113069K [0x0000000740000000, 0x0000000800000000)
  region size 2048K, 6 young (12288K), 2 survivors (4096K)
 Metaspace       used 73493K, committed 74176K, reserved 1114112K
  class space    used 10258K, committed 10560K, reserved 1048576K
}
Event: 23.581 GC heap after
{Heap after GC invocations=28 (full 0):
 garbage-first heap   total 227328K, used 94915K [0x0000000740000000, 0x0000000800000000)
  region size 2048K, 2 young (4096K), 2 survivors (4096K)
 Metaspace       used 73493K, committed 74176K, reserved 1114112K
  class space    used 10258K, committed 10560K, reserved 1048576K
}
Event: 23.674 GC heap before
{Heap before GC invocations=28 (full 0):
 garbage-first heap   total 227328K, used 103107K [0x0000000740000000, 0x0000000800000000)
  region size 2048K, 5 young (10240K), 2 survivors (4096K)
 Metaspace       used 73776K, committed 74496K, reserved 1114112K
  class space    used 10282K, committed 10624K, reserved 1048576K
}
Event: 23.680 GC heap after
{Heap after GC invocations=29 (full 0):
 garbage-first heap   total 227328K, used 95246K [0x0000000740000000, 0x0000000800000000)
  region size 2048K, 2 young (4096K), 2 survivors (4096K)
 Metaspace       used 73776K, committed 74496K, reserved 1114112K
  class space    used 10282K, committed 10624K, reserved 1048576K
}
Event: 24.285 GC heap before
{Heap before GC invocations=29 (full 0):
 garbage-first heap   total 227328K, used 125966K [0x0000000740000000, 0x0000000800000000)
  region size 2048K, 7 young (14336K), 2 survivors (4096K)
 Metaspace       used 74013K, committed 74688K, reserved 1114112K
  class space    used 10290K, committed 10624K, reserved 1048576K
}
Event: 24.291 GC heap after
{Heap after GC invocations=30 (full 0):
 garbage-first heap   total 227328K, used 96341K [0x0000000740000000, 0x0000000800000000)
  region size 2048K, 2 young (4096K), 2 survivors (4096K)
 Metaspace       used 74013K, committed 74688K, reserved 1114112K
  class space    used 10290K, committed 10624K, reserved 1048576K
}
Event: 24.437 GC heap before
{Heap before GC invocations=30 (full 0):
 garbage-first heap   total 227328K, used 122965K [0x0000000740000000, 0x0000000800000000)
  region size 2048K, 5 young (10240K), 2 survivors (4096K)
 Metaspace       used 74045K, committed 74752K, reserved 1114112K
  class space    used 10291K, committed 10624K, reserved 1048576K
}
Event: 24.443 GC heap after
{Heap after GC invocations=31 (full 0):
 garbage-first heap   total 227328K, used 96385K [0x0000000740000000, 0x0000000800000000)
  region size 2048K, 2 young (4096K), 2 survivors (4096K)
 Metaspace       used 74045K, committed 74752K, reserved 1114112K
  class space    used 10291K, committed 10624K, reserved 1048576K
}
Event: 24.451 GC heap before
{Heap before GC invocations=31 (full 0):
 garbage-first heap   total 227328K, used 98433K [0x0000000740000000, 0x0000000800000000)
  region size 2048K, 3 young (6144K), 2 survivors (4096K)
 Metaspace       used 74045K, committed 74752K, reserved 1114112K
  class space    used 10291K, committed 10624K, reserved 1048576K
}
Event: 24.457 GC heap after
{Heap after GC invocations=32 (full 0):
 garbage-first heap   total 227328K, used 96416K [0x0000000740000000, 0x0000000800000000)
  region size 2048K, 2 young (4096K), 2 survivors (4096K)
 Metaspace       used 74045K, committed 74752K, reserved 1114112K
  class space    used 10291K, committed 10624K, reserved 1048576K
}
Event: 24.514 GC heap before
{Heap before GC invocations=32 (full 0):
 garbage-first heap   total 227328K, used 118944K [0x0000000740000000, 0x0000000800000000)
  region size 2048K, 3 young (6144K), 2 survivors (4096K)
 Metaspace       used 74048K, committed 74816K, reserved 1114112K
  class space    used 10291K, committed 10624K, reserved 1048576K
}

