# JRE version: OpenJDK Runtime Environment Temurin-17.0.13+11 (17.0.13+11) (build 17.0.13+11)
# Java VM: OpenJDK 64-Bit Server VM Temurin-17.0.13+11 (17.0.13+11, mixed mode, sharing, tiered, compressed oops, compressed class ptrs, g1 gc, windows-amd64)
GC Precious Log:
 CPUs: 4 total, 4 available
 Memory: 7932M
 Large Page Support: Disabled
 NUMA Support: Disabled
 Compressed Oops: Enabled (Zero based)
 Heap Region Size: 2M
 Heap Min Capacity: 8M
 Heap Initial Capacity: 124M
 Heap Max Capacity: 3G
 Pre-touch: Disabled
 Parallel Workers: 4
 Concurrent Workers: 1
 Concurrent Refinement Workers: 4
 Periodic GC: Disabled
Heap:
 garbage-first heap   total 202752K, used 90782K [0x0000000740000000, 0x0000000800000000)
  region size 2048K, 2 young (4096K), 2 survivors (4096K)
 Metaspace       used 64621K, committed 65280K, reserved 1114112K
  class space    used 9030K, committed 9344K, reserved 1048576K
GC Heap History (20 events):
Event: 10.268 GC heap after
{Heap after GC invocations=26 (full 0):
 garbage-first heap   total 133120K, used 75719K [0x0000000740000000, 0x0000000800000000)
  region size 2048K, 2 young (4096K), 2 survivors (4096K)
 Metaspace       used 50226K, committed 50880K, reserved 1114112K
  class space    used 7078K, committed 7360K, reserved 1048576K
}
Event: 10.793 GC heap before
{Heap before GC invocations=26 (full 0):
 garbage-first heap   total 133120K, used 104391K [0x0000000740000000, 0x0000000800000000)
  region size 2048K, 16 young (32768K), 2 survivors (4096K)
 Metaspace       used 53404K, committed 54080K, reserved 1114112K
  class space    used 7469K, committed 7808K, reserved 1048576K
}
Event: 10.799 GC heap after
{Heap after GC invocations=27 (full 0):
 garbage-first heap   total 133120K, used 78122K [0x0000000740000000, 0x0000000800000000)
  region size 2048K, 2 young (4096K), 2 survivors (4096K)
 Metaspace       used 53404K, committed 54080K, reserved 1114112K
  class space    used 7469K, committed 7808K, reserved 1048576K
}
Event: 11.677 GC heap before
{Heap before GC invocations=28 (full 0):
 garbage-first heap   total 141312K, used 94506K [0x0000000740000000, 0x0000000800000000)
  region size 2048K, 11 young (22528K), 2 survivors (4096K)
 Metaspace       used 57818K, committed 58432K, reserved 1114112K
  class space    used 7991K, committed 8256K, reserved 1048576K
}
Event: 11.683 GC heap after
{Heap after GC invocations=29 (full 0):
 garbage-first heap   total 141312K, used 80078K [0x0000000740000000, 0x0000000800000000)
  region size 2048K, 1 young (2048K), 1 survivors (2048K)
 Metaspace       used 57818K, committed 58432K, reserved 1114112K
  class space    used 7991K, committed 8256K, reserved 1048576K
}
Event: 12.407 GC heap before
{Heap before GC invocations=30 (full 0):
 garbage-first heap   total 143360K, used 114894K [0x0000000740000000, 0x0000000800000000)
  region size 2048K, 17 young (34816K), 1 survivors (2048K)
 Metaspace       used 61620K, committed 62272K, reserved 1114112K
  class space    used 8565K, committed 8896K, reserved 1048576K
}
Event: 12.415 GC heap after
{Heap after GC invocations=31 (full 0):
 garbage-first heap   total 143360K, used 84001K [0x0000000740000000, 0x0000000800000000)
  region size 2048K, 2 young (4096K), 2 survivors (4096K)
 Metaspace       used 61620K, committed 62272K, reserved 1114112K
  class space    used 8565K, committed 8896K, reserved 1048576K
}
Event: 12.687 GC heap before
{Heap before GC invocations=31 (full 0):
 garbage-first heap   total 143360K, used 114721K [0x0000000740000000, 0x0000000800000000)
  region size 2048K, 17 young (34816K), 2 survivors (4096K)
 Metaspace       used 62225K, committed 62848K, reserved 1114112K
  class space    used 8659K, committed 8960K, reserved 1048576K
}
Event: 12.693 GC heap after
{Heap after GC invocations=32 (full 0):
 garbage-first heap   total 143360K, used 86742K [0x0000000740000000, 0x0000000800000000)
  region size 2048K, 3 young (6144K), 3 survivors (6144K)
 Metaspace       used 62225K, committed 62848K, reserved 1114112K
  class space    used 8659K, committed 8960K, reserved 1048576K
}
Event: 12.998 GC heap before
{Heap before GC invocations=33 (full 0):
 garbage-first heap   total 167936K, used 115414K [0x0000000740000000, 0x0000000800000000)
  region size 2048K, 17 young (34816K), 3 survivors (6144K)
 Metaspace       used 63112K, committed 63808K, reserved 1114112K
  class space    used 8818K, committed 9152K, reserved 1048576K
}
Event: 13.007 GC heap after
{Heap after GC invocations=34 (full 0):
 garbage-first heap   total 167936K, used 89163K [0x0000000740000000, 0x0000000800000000)
  region size 2048K, 3 young (6144K), 3 survivors (6144K)
 Metaspace       used 63112K, committed 63808K, reserved 1114112K
  class space    used 8818K, committed 9152K, reserved 1048576K
}
Event: 13.383 GC heap before
{Heap before GC invocations=34 (full 0):
 garbage-first heap   total 167936K, used 107595K [0x0000000740000000, 0x0000000800000000)
  region size 2048K, 13 young (26624K), 3 survivors (6144K)
 Metaspace       used 64319K, committed 65024K, reserved 1114112K
  class space    used 8994K, committed 9344K, reserved 1048576K
}
Event: 13.395 GC heap after
{Heap after GC invocations=35 (full 0):
 garbage-first heap   total 202752K, used 90501K [0x0000000740000000, 0x0000000800000000)
  region size 2048K, 2 young (4096K), 2 survivors (4096K)
 Metaspace       used 64319K, committed 65024K, reserved 1114112K
  class space    used 8994K, committed 9344K, reserved 1048576K
}
Event: 13.502 GC heap before
{Heap before GC invocations=35 (full 0):
 garbage-first heap   total 202752K, used 96645K [0x0000000740000000, 0x0000000800000000)
  region size 2048K, 4 young (8192K), 2 survivors (4096K)
 Metaspace       used 64601K, committed 65280K, reserved 1114112K
  class space    used 9029K, committed 9344K, reserved 1048576K
}
Event: 13.509 GC heap after
{Heap after GC invocations=36 (full 0):
 garbage-first heap   total 202752K, used 90743K [0x0000000740000000, 0x0000000800000000)
  region size 2048K, 2 young (4096K), 2 survivors (4096K)
 Metaspace       used 64601K, committed 65280K, reserved 1114112K
  class space    used 9029K, committed 9344K, reserved 1048576K
}
Event: 13.519 GC heap before
{Heap before GC invocations=36 (full 0):
 garbage-first heap   total 202752K, used 94839K [0x0000000740000000, 0x0000000800000000)
  region size 2048K, 3 young (6144K), 2 survivors (4096K)
 Metaspace       used 64602K, committed 65280K, reserved 1114112K
  class space    used 9029K, committed 9344K, reserved 1048576K
}
Event: 13.524 GC heap after
{Heap after GC invocations=37 (full 0):
 garbage-first heap   total 202752K, used 90827K [0x0000000740000000, 0x0000000800000000)
  region size 2048K, 2 young (4096K), 2 survivors (4096K)
 Metaspace       used 64602K, committed 65280K, reserved 1114112K
  class space    used 9029K, committed 9344K, reserved 1048576K
}
Event: 13.532 GC heap before
{Heap before GC invocations=37 (full 0):
 garbage-first heap   total 202752K, used 92875K [0x0000000740000000, 0x0000000800000000)
  region size 2048K, 3 young (6144K), 2 survivors (4096K)
 Metaspace       used 64603K, committed 65280K, reserved 1114112K
  class space    used 9029K, committed 9344K, reserved 1048576K
}
Event: 13.536 GC heap after
{Heap after GC invocations=38 (full 0):
 garbage-first heap   total 202752K, used 90763K [0x0000000740000000, 0x0000000800000000)
  region size 2048K, 2 young (4096K), 2 survivors (4096K)
 Metaspace       used 64603K, committed 65280K, reserved 1114112K
  class space    used 9029K, committed 9344K, reserved 1048576K
}
Event: 13.544 GC heap before
{Heap before GC invocations=38 (full 0):
 garbage-first heap   total 202752K, used 92811K [0x0000000740000000, 0x0000000800000000)
  region size 2048K, 3 young (6144K), 2 survivors (4096K)
 Metaspace       used 64621K, committed 65280K, reserved 1114112K
  class space    used 9030K, committed 9344K, reserved 1048576K
}

