# JRE version: OpenJDK Runtime Environment Temurin-17.0.13+11 (17.0.13+11) (build 17.0.13+11)
# Java VM: OpenJDK 64-Bit Server VM Temurin-17.0.13+11 (17.0.13+11, mixed mode, sharing, tiered, compressed oops, compressed class ptrs, g1 gc, windows-amd64)
GC Precious Log:
 CPUs: 4 total, 4 available
 Memory: 7932M
 Large Page Support: Disabled
 NUMA Support: Disabled
 Compressed Oops: Enabled (Zero based)
 Heap Region Size: 2M
 Heap Min Capacity: 8M
 Heap Initial Capacity: 124M
 Heap Max Capacity: 3G
 Pre-touch: Disabled
 Parallel Workers: 4
 Concurrent Workers: 1
 Concurrent Refinement Workers: 4
 Periodic GC: Disabled
Heap:
 garbage-first heap   total 512000K, used 363520K [0x0000000740000000, 0x0000000800000000)
  region size 2048K, 4 young (8192K), 4 survivors (8192K)
 Metaspace       used 75639K, committed 76352K, reserved 1179648K
  class space    used 10571K, committed 10880K, reserved 1048576K
GC Heap History (20 events):
Event: 16.301 GC heap after
{Heap after GC invocations=33 (full 0):
 garbage-first heap   total 239616K, used 113082K [0x0000000740000000, 0x0000000800000000)
  region size 2048K, 6 young (12288K), 6 survivors (12288K)
 Metaspace       used 75124K, committed 75904K, reserved 1114112K
  class space    used 10521K, committed 10880K, reserved 1048576K
}
Event: 16.333 GC heap before
{Heap before GC invocations=33 (full 0):
 garbage-first heap   total 239616K, used 121274K [0x0000000740000000, 0x0000000800000000)
  region size 2048K, 7 young (14336K), 6 survivors (12288K)
 Metaspace       used 75130K, committed 75904K, reserved 1114112K
  class space    used 10521K, committed 10880K, reserved 1048576K
}
Event: 16.347 GC heap after
{Heap after GC invocations=34 (full 0):
 garbage-first heap   total 239616K, used 114930K [0x0000000740000000, 0x0000000800000000)
  region size 2048K, 1 young (2048K), 1 survivors (2048K)
 Metaspace       used 75130K, committed 75904K, reserved 1114112K
  class space    used 10521K, committed 10880K, reserved 1048576K
}
Event: 16.736 GC heap before
{Heap before GC invocations=35 (full 0):
 garbage-first heap   total 249856K, used 186610K [0x0000000740000000, 0x0000000800000000)
  region size 2048K, 28 young (57344K), 1 survivors (2048K)
 Metaspace       used 75246K, committed 76032K, reserved 1114112K
  class space    used 10531K, committed 10880K, reserved 1048576K
}
Event: 16.767 GC heap after
{Heap after GC invocations=36 (full 0):
 garbage-first heap   total 249856K, used 157696K [0x0000000740000000, 0x0000000800000000)
  region size 2048K, 4 young (8192K), 4 survivors (8192K)
 Metaspace       used 75246K, committed 76032K, reserved 1114112K
  class space    used 10531K, committed 10880K, reserved 1048576K
}
Event: 16.841 GC heap before
{Heap before GC invocations=36 (full 0):
 garbage-first heap   total 249856K, used 188416K [0x0000000740000000, 0x0000000800000000)
  region size 2048K, 19 young (38912K), 4 survivors (8192K)
 Metaspace       used 75260K, committed 76032K, reserved 1114112K
  class space    used 10534K, committed 10880K, reserved 1048576K
}
Event: 16.866 GC heap after
{Heap after GC invocations=37 (full 0):
 garbage-first heap   total 249856K, used 178176K [0x0000000740000000, 0x0000000800000000)
  region size 2048K, 3 young (6144K), 3 survivors (6144K)
 Metaspace       used 75260K, committed 76032K, reserved 1114112K
  class space    used 10534K, committed 10880K, reserved 1048576K
}
Event: 16.896 GC heap before
{Heap before GC invocations=37 (full 0):
 garbage-first heap   total 249856K, used 196608K [0x0000000740000000, 0x0000000800000000)
  region size 2048K, 12 young (24576K), 3 survivors (6144K)
 Metaspace       used 75260K, committed 76032K, reserved 1114112K
  class space    used 10534K, committed 10880K, reserved 1048576K
}
Event: 16.913 GC heap after
{Heap after GC invocations=38 (full 0):
 garbage-first heap   total 335872K, used 191487K [0x0000000740000000, 0x0000000800000000)
  region size 2048K, 2 young (4096K), 2 survivors (4096K)
 Metaspace       used 75260K, committed 76032K, reserved 1114112K
  class space    used 10534K, committed 10880K, reserved 1048576K
}
Event: 17.464 GC heap before
{Heap before GC invocations=39 (full 0):
 garbage-first heap   total 348160K, used 236543K [0x0000000740000000, 0x0000000800000000)
  region size 2048K, 24 young (49152K), 2 survivors (4096K)
 Metaspace       used 75370K, committed 76096K, reserved 1114112K
  class space    used 10546K, committed 10880K, reserved 1048576K
}
Event: 17.504 GC heap after
{Heap after GC invocations=40 (full 0):
 garbage-first heap   total 348160K, used 222750K [0x0000000740000000, 0x0000000800000000)
  region size 2048K, 3 young (6144K), 3 survivors (6144K)
 Metaspace       used 75370K, committed 76096K, reserved 1114112K
  class space    used 10546K, committed 10880K, reserved 1048576K
}
Event: 17.662 GC heap before
{Heap before GC invocations=40 (full 0):
 garbage-first heap   total 348160K, used 257566K [0x0000000740000000, 0x0000000800000000)
  region size 2048K, 20 young (40960K), 3 survivors (6144K)
 Metaspace       used 75373K, committed 76096K, reserved 1114112K
  class space    used 10546K, committed 10880K, reserved 1048576K
}
Event: 17.701 GC heap after
{Heap after GC invocations=41 (full 0):
 garbage-first heap   total 348160K, used 247808K [0x0000000740000000, 0x0000000800000000)
  region size 2048K, 3 young (6144K), 3 survivors (6144K)
 Metaspace       used 75373K, committed 76096K, reserved 1114112K
  class space    used 10546K, committed 10880K, reserved 1048576K
}
Event: 18.359 GC heap before
{Heap before GC invocations=42 (full 0):
 garbage-first heap   total 512000K, used 319488K [0x0000000740000000, 0x0000000800000000)
  region size 2048K, 15 young (30720K), 3 survivors (6144K)
 Metaspace       used 75639K, committed 76352K, reserved 1179648K
  class space    used 10571K, committed 10880K, reserved 1048576K
}
Event: 18.393 GC heap after
{Heap after GC invocations=43 (full 0):
 garbage-first heap   total 512000K, used 271360K [0x0000000740000000, 0x0000000800000000)
  region size 2048K, 2 young (4096K), 2 survivors (4096K)
 Metaspace       used 75639K, committed 76352K, reserved 1179648K
  class space    used 10571K, committed 10880K, reserved 1048576K
}
Event: 18.424 GC heap before
{Heap before GC invocations=43 (full 0):
 garbage-first heap   total 512000K, used 289792K [0x0000000740000000, 0x0000000800000000)
  region size 2048K, 12 young (24576K), 2 survivors (4096K)
 Metaspace       used 75639K, committed 76352K, reserved 1179648K
  class space    used 10571K, committed 10880K, reserved 1048576K
}
Event: 18.444 GC heap after
{Heap after GC invocations=44 (full 0):
 garbage-first heap   total 512000K, used 282544K [0x0000000740000000, 0x0000000800000000)
  region size 2048K, 2 young (4096K), 2 survivors (4096K)
 Metaspace       used 75639K, committed 76352K, reserved 1179648K
  class space    used 10571K, committed 10880K, reserved 1048576K
}
Event: 18.547 GC heap before
{Heap before GC invocations=44 (full 0):
 garbage-first heap   total 512000K, used 350128K [0x0000000740000000, 0x0000000800000000)
  region size 2048K, 35 young (71680K), 2 survivors (4096K)
 Metaspace       used 75639K, committed 76352K, reserved 1179648K
  class space    used 10571K, committed 10880K, reserved 1048576K
}
Event: 18.596 GC heap after
{Heap after GC invocations=45 (full 0):
 garbage-first heap   total 512000K, used 329097K [0x0000000740000000, 0x0000000800000000)
  region size 2048K, 5 young (10240K), 5 survivors (10240K)
 Metaspace       used 75639K, committed 76352K, reserved 1179648K
  class space    used 10571K, committed 10880K, reserved 1048576K
}
Event: 18.678 GC heap before
{Heap before GC invocations=45 (full 0):
 garbage-first heap   total 512000K, used 378249K [0x0000000740000000, 0x0000000800000000)
  region size 2048K, 29 young (59392K), 5 survivors (10240K)
 Metaspace       used 75639K, committed 76352K, reserved 1179648K
  class space    used 10571K, committed 10880K, reserved 1048576K
}

