# JRE version: OpenJDK Runtime Environment Temurin-17.0.13+11 (17.0.13+11) (build 17.0.13+11)
# Java VM: OpenJDK 64-Bit Server VM Temurin-17.0.13+11 (17.0.13+11, mixed mode, sharing, tiered, compressed oops, compressed class ptrs, g1 gc, windows-amd64)
GC Precious Log:
 CPUs: 4 total, 4 available
 Memory: 7932M
 Large Page Support: Disabled
 NUMA Support: Disabled
 Compressed Oops: Enabled (Zero based)
 Heap Region Size: 2M
 Heap Min Capacity: 8M
 Heap Initial Capacity: 124M
 Heap Max Capacity: 3G
 Pre-touch: Disabled
 Parallel Workers: 4
 Concurrent Workers: 1
 Concurrent Refinement Workers: 4
 Periodic GC: Disabled
Heap:
 garbage-first heap   total 430080K, used 264945K [0x0000000740000000, 0x0000000800000000)
  region size 2048K, 2 young (4096K), 2 survivors (4096K)
 Metaspace       used 75728K, committed 76544K, reserved 1179648K
  class space    used 10564K, committed 10944K, reserved 1048576K
GC Heap History (20 events):
Event: 15.958 GC heap after
{Heap after GC invocations=31 (full 0):
 garbage-first heap   total 163840K, used 90400K [0x0000000740000000, 0x0000000800000000)
  region size 2048K, 2 young (4096K), 2 survivors (4096K)
 Metaspace       used 64592K, committed 65280K, reserved 1114112K
  class space    used 9022K, committed 9344K, reserved 1048576K
}
Event: 16.366 GC heap before
{Heap before GC invocations=32 (full 0):
 garbage-first heap   total 174080K, used 104736K [0x0000000740000000, 0x0000000800000000)
  region size 2048K, 5 young (10240K), 2 survivors (4096K)
 Metaspace       used 64863K, committed 65600K, reserved 1114112K
  class space    used 9061K, committed 9408K, reserved 1048576K
}
Event: 16.371 GC heap after
{Heap after GC invocations=33 (full 0):
 garbage-first heap   total 174080K, used 90683K [0x0000000740000000, 0x0000000800000000)
  region size 2048K, 2 young (4096K), 2 survivors (4096K)
 Metaspace       used 64863K, committed 65600K, reserved 1114112K
  class space    used 9061K, committed 9408K, reserved 1048576K
}
Event: 16.640 GC heap before
{Heap before GC invocations=34 (full 0):
 garbage-first heap   total 174080K, used 102971K [0x0000000740000000, 0x0000000800000000)
  region size 2048K, 7 young (14336K), 2 survivors (4096K)
 Metaspace       used 66141K, committed 66816K, reserved 1114112K
  class space    used 9192K, committed 9536K, reserved 1048576K
}
Event: 16.645 GC heap after
{Heap after GC invocations=35 (full 0):
 garbage-first heap   total 174080K, used 91129K [0x0000000740000000, 0x0000000800000000)
  region size 2048K, 2 young (4096K), 2 survivors (4096K)
 Metaspace       used 66141K, committed 66816K, reserved 1114112K
  class space    used 9192K, committed 9536K, reserved 1048576K
}
Event: 17.023 GC heap before
{Heap before GC invocations=36 (full 0):
 garbage-first heap   total 194560K, used 125945K [0x0000000740000000, 0x0000000800000000)
  region size 2048K, 9 young (18432K), 2 survivors (4096K)
 Metaspace       used 66424K, committed 67072K, reserved 1114112K
  class space    used 9205K, committed 9536K, reserved 1048576K
}
Event: 17.031 GC heap after
{Heap after GC invocations=37 (full 0):
 garbage-first heap   total 194560K, used 92480K [0x0000000740000000, 0x0000000800000000)
  region size 2048K, 3 young (6144K), 3 survivors (6144K)
 Metaspace       used 66424K, committed 67072K, reserved 1114112K
  class space    used 9205K, committed 9536K, reserved 1048576K
}
Event: 17.414 GC heap before
{Heap before GC invocations=38 (full 0):
 garbage-first heap   total 239616K, used 155968K [0x0000000740000000, 0x0000000800000000)
  region size 2048K, 9 young (18432K), 3 survivors (6144K)
 Metaspace       used 67383K, committed 68096K, reserved 1114112K
  class space    used 9349K, committed 9664K, reserved 1048576K
}
Event: 17.426 GC heap after
{Heap after GC invocations=39 (full 0):
 garbage-first heap   total 296960K, used 92709K [0x0000000740000000, 0x0000000800000000)
  region size 2048K, 3 young (6144K), 3 survivors (6144K)
 Metaspace       used 67383K, committed 68096K, reserved 1114112K
  class space    used 9349K, committed 9664K, reserved 1048576K
}
Event: 21.188 GC heap before
{Heap before GC invocations=39 (full 0):
 garbage-first heap   total 296960K, used 223781K [0x0000000740000000, 0x0000000800000000)
  region size 2048K, 49 young (100352K), 3 survivors (6144K)
 Metaspace       used 75217K, committed 76032K, reserved 1179648K
  class space    used 10516K, committed 10880K, reserved 1048576K
}
Event: 21.211 GC heap after
{Heap after GC invocations=40 (full 0):
 garbage-first heap   total 296960K, used 127671K [0x0000000740000000, 0x0000000800000000)
  region size 2048K, 7 young (14336K), 7 survivors (14336K)
 Metaspace       used 75217K, committed 76032K, reserved 1179648K
  class space    used 10516K, committed 10880K, reserved 1048576K
}
Event: 21.848 GC heap before
{Heap before GC invocations=40 (full 0):
 garbage-first heap   total 296960K, used 234167K [0x0000000740000000, 0x0000000800000000)
  region size 2048K, 56 young (114688K), 7 survivors (14336K)
 Metaspace       used 75337K, committed 76096K, reserved 1179648K
  class space    used 10527K, committed 10880K, reserved 1048576K
}
Event: 21.946 GC heap after
{Heap after GC invocations=41 (full 0):
 garbage-first heap   total 315392K, used 188304K [0x0000000740000000, 0x0000000800000000)
  region size 2048K, 7 young (14336K), 7 survivors (14336K)
 Metaspace       used 75337K, committed 76096K, reserved 1179648K
  class space    used 10527K, committed 10880K, reserved 1048576K
}
Event: 22.150 GC heap before
{Heap before GC invocations=41 (full 0):
 garbage-first heap   total 315392K, used 237456K [0x0000000740000000, 0x0000000800000000)
  region size 2048K, 31 young (63488K), 7 survivors (14336K)
 Metaspace       used 75448K, committed 76288K, reserved 1179648K
  class space    used 10538K, committed 10944K, reserved 1048576K
}
Event: 22.199 GC heap after
{Heap after GC invocations=42 (full 0):
 garbage-first heap   total 315392K, used 211968K [0x0000000740000000, 0x0000000800000000)
  region size 2048K, 4 young (8192K), 4 survivors (8192K)
 Metaspace       used 75448K, committed 76288K, reserved 1179648K
  class space    used 10538K, committed 10944K, reserved 1048576K
}
Event: 22.444 GC heap before
{Heap before GC invocations=42 (full 0):
 garbage-first heap   total 315392K, used 242688K [0x0000000740000000, 0x0000000800000000)
  region size 2048K, 19 young (38912K), 4 survivors (8192K)
 Metaspace       used 75451K, committed 76288K, reserved 1179648K
  class space    used 10539K, committed 10944K, reserved 1048576K
}
Event: 22.488 GC heap after
{Heap after GC invocations=43 (full 0):
 garbage-first heap   total 315392K, used 236544K [0x0000000740000000, 0x0000000800000000)
  region size 2048K, 3 young (6144K), 3 survivors (6144K)
 Metaspace       used 75451K, committed 76288K, reserved 1179648K
  class space    used 10539K, committed 10944K, reserved 1048576K
}
Event: 22.946 GC heap before
{Heap before GC invocations=44 (full 0):
 garbage-first heap   total 430080K, used 302080K [0x0000000740000000, 0x0000000800000000)
  region size 2048K, 11 young (22528K), 3 survivors (6144K)
 Metaspace       used 75728K, committed 76544K, reserved 1179648K
  class space    used 10564K, committed 10944K, reserved 1048576K
}
Event: 22.992 GC heap after
{Heap after GC invocations=45 (full 0):
 garbage-first heap   total 430080K, used 253952K [0x0000000740000000, 0x0000000800000000)
  region size 2048K, 2 young (4096K), 2 survivors (4096K)
 Metaspace       used 75728K, committed 76544K, reserved 1179648K
  class space    used 10564K, committed 10944K, reserved 1048576K
}
Event: 23.055 GC heap before
{Heap before GC invocations=45 (full 0):
 garbage-first heap   total 430080K, used 268288K [0x0000000740000000, 0x0000000800000000)
  region size 2048K, 10 young (20480K), 2 survivors (4096K)
 Metaspace       used 75728K, committed 76544K, reserved 1179648K
  class space    used 10564K, committed 10944K, reserved 1048576K
}

